{"/home/travis/build/npmtest/node-npmtest-blink-diff/test.js":{"path":"/home/travis/build/npmtest/node-npmtest-blink-diff/test.js","s":{"1":2,"2":2,"3":2,"4":2,"5":2,"6":2,"7":2,"8":1,"9":2,"10":2,"11":1,"12":1,"13":1,"14":1,"15":2,"16":2,"17":2,"18":2,"19":1,"20":1,"21":2,"22":2,"23":2,"24":1,"25":1,"26":1,"27":1,"28":1,"29":1,"30":1,"31":1,"32":1,"33":1,"34":1,"35":1,"36":1,"37":1,"38":1,"39":2,"40":2,"41":1,"42":2,"43":2,"44":1,"45":2,"46":2,"47":1,"48":2,"49":2,"50":1,"51":1,"52":1,"53":1,"54":1},"b":{"1":[2,1,1,1],"2":[1,1,1,1],"3":[1,1],"4":[1,1],"5":[1,1],"6":[1,1],"7":[1,1],"8":[1,1],"9":[1,1],"10":[1,1,1],"11":[1,1],"12":[1,1],"13":[1,1],"14":[1,1],"15":[1,1],"16":[1,1],"17":[1,1]},"f":{"1":2,"2":2,"3":2,"4":2,"5":2,"6":1,"7":1,"8":1,"9":2,"10":2,"11":2,"12":2,"13":1},"fnMap":{"1":{"name":"(anonymous_1)","line":12,"loc":{"start":{"line":12,"column":1},"end":{"line":12,"column":13}}},"2":{"name":"(anonymous_2)","line":19,"loc":{"start":{"line":19,"column":5},"end":{"line":19,"column":17}}},"3":{"name":"(anonymous_3)","line":23,"loc":{"start":{"line":23,"column":24},"end":{"line":23,"column":36}}},"4":{"name":"(anonymous_4)","line":61,"loc":{"start":{"line":61,"column":5},"end":{"line":61,"column":17}}},"5":{"name":"(anonymous_5)","line":82,"loc":{"start":{"line":82,"column":5},"end":{"line":82,"column":17}}},"6":{"name":"(anonymous_6)","line":91,"loc":{"start":{"line":91,"column":77},"end":{"line":94,"column":10}}},"7":{"name":"(anonymous_7)","line":112,"loc":{"start":{"line":112,"column":83},"end":{"line":115,"column":10}},"skip":true},"8":{"name":"(anonymous_8)","line":123,"loc":{"start":{"line":123,"column":77},"end":{"line":126,"column":10}},"skip":true},"9":{"name":"(anonymous_9)","line":139,"loc":{"start":{"line":139,"column":12},"end":{"line":139,"column":40}},"skip":true},"10":{"name":"(anonymous_10)","line":147,"loc":{"start":{"line":147,"column":77},"end":{"line":150,"column":10}},"skip":true},"11":{"name":"(anonymous_11)","line":158,"loc":{"start":{"line":158,"column":83},"end":{"line":161,"column":10}},"skip":true},"12":{"name":"(anonymous_12)","line":169,"loc":{"start":{"line":169,"column":79},"end":{"line":172,"column":10}},"skip":true},"13":{"name":"(anonymous_13)","line":180,"loc":{"start":{"line":180,"column":75},"end":{"line":183,"column":10}},"skip":true}},"statementMap":{"1":{"start":{"line":12,"column":0},"end":{"line":195,"column":5}},"2":{"start":{"line":14,"column":4},"end":{"line":14,"column":14}},"3":{"start":{"line":19,"column":4},"end":{"line":56,"column":9}},"4":{"start":{"line":21,"column":8},"end":{"line":21,"column":19}},"5":{"start":{"line":23,"column":8},"end":{"line":35,"column":13}},"6":{"start":{"line":24,"column":12},"end":{"line":34,"column":13}},"7":{"start":{"line":25,"column":16},"end":{"line":28,"column":30}},"8":{"start":{"line":30,"column":16},"end":{"line":33,"column":27}},"9":{"start":{"line":37,"column":8},"end":{"line":39,"column":21}},"10":{"start":{"line":40,"column":8},"end":{"line":53,"column":9}},"11":{"start":{"line":43,"column":12},"end":{"line":46,"column":14}},"12":{"start":{"line":47,"column":12},"end":{"line":47,"column":18}},"13":{"start":{"line":50,"column":12},"end":{"line":51,"column":46}},"14":{"start":{"line":52,"column":12},"end":{"line":52,"column":18}},"15":{"start":{"line":55,"column":8},"end":{"line":55,"column":35}},"16":{"start":{"line":61,"column":4},"end":{"line":63,"column":9}},"17":{"start":{"line":62,"column":8},"end":{"line":62,"column":15}},"18":{"start":{"line":64,"column":4},"end":{"line":77,"column":5}},"19":{"start":{"line":70,"column":8},"end":{"line":70,"column":14}},"20":{"start":{"line":76,"column":8},"end":{"line":76,"column":14}},"21":{"start":{"line":82,"column":4},"end":{"line":84,"column":9}},"22":{"start":{"line":83,"column":8},"end":{"line":83,"column":15}},"23":{"start":{"line":85,"column":4},"end":{"line":194,"column":5}},"24":{"start":{"line":91,"column":8},"end":{"line":99,"column":10}},"25":{"start":{"line":98,"column":12},"end":{"line":98,"column":35}},"26":{"start":{"line":102,"column":8},"end":{"line":104,"column":63}},"27":{"start":{"line":105,"column":8},"end":{"line":105,"column":14}},"28":{"start":{"line":112,"column":8},"end":{"line":121,"column":10},"skip":true},"29":{"start":{"line":119,"column":12},"end":{"line":119,"column":55},"skip":true},"30":{"start":{"line":120,"column":12},"end":{"line":120,"column":48},"skip":true},"31":{"start":{"line":123,"column":8},"end":{"line":136,"column":10},"skip":true},"32":{"start":{"line":130,"column":12},"end":{"line":130,"column":76},"skip":true},"33":{"start":{"line":131,"column":12},"end":{"line":131,"column":73},"skip":true},"34":{"start":{"line":132,"column":12},"end":{"line":132,"column":74},"skip":true},"35":{"start":{"line":133,"column":12},"end":{"line":133,"column":79},"skip":true},"36":{"start":{"line":134,"column":12},"end":{"line":134,"column":25},"skip":true},"37":{"start":{"line":135,"column":12},"end":{"line":135,"column":45},"skip":true},"38":{"start":{"line":138,"column":8},"end":{"line":145,"column":14},"skip":true},"39":{"start":{"line":143,"column":16},"end":{"line":143,"column":29},"skip":true},"40":{"start":{"line":144,"column":16},"end":{"line":144,"column":55},"skip":true},"41":{"start":{"line":147,"column":8},"end":{"line":156,"column":10},"skip":true},"42":{"start":{"line":154,"column":12},"end":{"line":154,"column":25},"skip":true},"43":{"start":{"line":155,"column":12},"end":{"line":155,"column":45},"skip":true},"44":{"start":{"line":158,"column":8},"end":{"line":167,"column":10},"skip":true},"45":{"start":{"line":165,"column":12},"end":{"line":165,"column":25},"skip":true},"46":{"start":{"line":166,"column":12},"end":{"line":166,"column":48},"skip":true},"47":{"start":{"line":169,"column":8},"end":{"line":178,"column":10},"skip":true},"48":{"start":{"line":176,"column":12},"end":{"line":176,"column":25},"skip":true},"49":{"start":{"line":177,"column":12},"end":{"line":177,"column":46},"skip":true},"50":{"start":{"line":180,"column":8},"end":{"line":189,"column":10},"skip":true},"51":{"start":{"line":187,"column":12},"end":{"line":187,"column":94},"skip":true},"52":{"start":{"line":188,"column":12},"end":{"line":188,"column":48},"skip":true},"53":{"start":{"line":192,"column":8},"end":{"line":192,"column":35},"skip":true},"54":{"start":{"line":193,"column":8},"end":{"line":193,"column":14},"skip":true}},"branchMap":{"1":{"line":25,"type":"binary-expr","locations":[{"start":{"line":25,"column":23},"end":{"line":25,"column":62}},{"start":{"line":26,"column":20},"end":{"line":26,"column":70}},{"start":{"line":27,"column":20},"end":{"line":27,"column":71}},{"start":{"line":28,"column":20},"end":{"line":28,"column":29}}]},"2":{"line":30,"type":"binary-expr","locations":[{"start":{"line":30,"column":23},"end":{"line":30,"column":37}},{"start":{"line":31,"column":20},"end":{"line":31,"column":61}},{"start":{"line":32,"column":20},"end":{"line":32,"column":70}},{"start":{"line":33,"column":20},"end":{"line":33,"column":26}}]},"3":{"line":37,"type":"cond-expr","locations":[{"start":{"line":38,"column":14},"end":{"line":38,"column":20}},{"start":{"line":39,"column":14},"end":{"line":39,"column":20}}]},"4":{"line":40,"type":"switch","locations":[{"start":{"line":42,"column":8},"end":{"line":47,"column":18}},{"start":{"line":49,"column":8},"end":{"line":52,"column":18}}]},"5":{"line":44,"type":"binary-expr","locations":[{"start":{"line":44,"column":16},"end":{"line":44,"column":44}},{"start":{"line":44,"column":48},"end":{"line":44,"column":66}}]},"6":{"line":50,"type":"binary-expr","locations":[{"start":{"line":50,"column":21},"end":{"line":50,"column":49}},{"start":{"line":50,"column":53},"end":{"line":50,"column":72}}]},"7":{"line":64,"type":"switch","locations":[{"start":{"line":69,"column":4},"end":{"line":70,"column":14}},{"start":{"line":75,"column":4},"end":{"line":76,"column":14}}]},"8":{"line":85,"type":"switch","locations":[{"start":{"line":90,"column":4},"end":{"line":105,"column":14}},{"start":{"line":111,"column":4},"end":{"line":193,"column":14},"skip":true}]},"9":{"line":91,"type":"binary-expr","locations":[{"start":{"line":91,"column":42},"end":{"line":91,"column":73}},{"start":{"line":91,"column":77},"end":{"line":99,"column":9}}]},"10":{"line":102,"type":"binary-expr","locations":[{"start":{"line":102,"column":18},"end":{"line":102,"column":32}},{"start":{"line":103,"column":12},"end":{"line":103,"column":53}},{"start":{"line":104,"column":12},"end":{"line":104,"column":61}}]},"11":{"line":112,"type":"binary-expr","locations":[{"start":{"line":112,"column":45},"end":{"line":112,"column":79},"skip":true},{"start":{"line":112,"column":83},"end":{"line":121,"column":9},"skip":true}]},"12":{"line":123,"type":"binary-expr","locations":[{"start":{"line":123,"column":42},"end":{"line":123,"column":73},"skip":true},{"start":{"line":123,"column":77},"end":{"line":136,"column":9},"skip":true}]},"13":{"line":138,"type":"binary-expr","locations":[{"start":{"line":138,"column":48},"end":{"line":138,"column":85},"skip":true},{"start":{"line":139,"column":12},"end":{"line":145,"column":13},"skip":true}]},"14":{"line":147,"type":"binary-expr","locations":[{"start":{"line":147,"column":42},"end":{"line":147,"column":73},"skip":true},{"start":{"line":147,"column":77},"end":{"line":156,"column":9},"skip":true}]},"15":{"line":158,"type":"binary-expr","locations":[{"start":{"line":158,"column":45},"end":{"line":158,"column":79},"skip":true},{"start":{"line":158,"column":83},"end":{"line":167,"column":9},"skip":true}]},"16":{"line":169,"type":"binary-expr","locations":[{"start":{"line":169,"column":43},"end":{"line":169,"column":75},"skip":true},{"start":{"line":169,"column":79},"end":{"line":178,"column":9},"skip":true}]},"17":{"line":180,"type":"binary-expr","locations":[{"start":{"line":180,"column":41},"end":{"line":180,"column":71},"skip":true},{"start":{"line":180,"column":75},"end":{"line":189,"column":9},"skip":true}]}},"code":["/* istanbul instrument in package npmtest_blink_diff */","/*jslint","    bitwise: true,","    browser: true,","    maxerr: 8,","    maxlen: 96,","    node: true,","    nomen: true,","    regexp: true,","    stupid: true","*/","(function () {","    'use strict';","    var local;","","","","    // run shared js-env code - pre-init","    (function () {","        // init local","        local = {};","        // init modeJs","        local.modeJs = (function () {","            try {","                return typeof navigator.userAgent === 'string' &&","                    typeof document.querySelector('body') === 'object' &&","                    typeof XMLHttpRequest.prototype.open === 'function' &&","                    'browser';","            } catch (errorCaughtBrowser) {","                return module.exports &&","                    typeof process.versions.node === 'string' &&","                    typeof require('http').createServer === 'function' &&","                    'node';","            }","        }());","        // init global","        local.global = local.modeJs === 'browser'","            ? window","            : global;","        switch (local.modeJs) {","        // re-init local from window.local","        case 'browser':","            local = local.global.utility2.objectSetDefault(","                local.global.utility2_rollup || local.global.local,","                local.global.utility2","            );","            break;","        // re-init local from example.js","        case 'node':","            local = (local.global.utility2_rollup || require('utility2'))","                .requireExampleJsFromReadme();","            break;","        }","        // export local","        local.global.local = local;","    }());","","","","    // run shared js-env code - function","    (function () {","        return;","    }());","    switch (local.modeJs) {","","","","    // run browser js-env code - function","    case 'browser':","        break;","","","","    // run node js-env code - function","    case 'node':","        break;","    }","","","","    // run shared js-env code - post-init","    (function () {","        return;","    }());","    switch (local.modeJs) {","","","","    // run browser js-env code - post-init","    case 'browser':","        local.testCase_browser_nullCase = local.testCase_browser_nullCase || function (","            options,","            onError","        ) {","        /*","         * this function will test browsers's null-case handling-behavior-behavior","         */","            onError(null, options);","        };","","        // run tests","        local.nop(local.modeTest &&","            document.querySelector('#testRunButton1') &&","            document.querySelector('#testRunButton1').click());","        break;","","","","    // run node js-env code - post-init","    /* istanbul ignore next */","    case 'node':","        local.testCase_buildApidoc_default = local.testCase_buildApidoc_default || function (","            options,","            onError","        ) {","        /*","         * this function will test buildApidoc's default handling-behavior-behavior","         */","            options = { modulePathList: module.paths };","            local.buildApidoc(options, onError);","        };","","        local.testCase_buildApp_default = local.testCase_buildApp_default || function (","            options,","            onError","        ) {","        /*","         * this function will test buildApp's default handling-behavior-behavior","         */","            local.testCase_buildReadme_default(options, local.onErrorThrow);","            local.testCase_buildLib_default(options, local.onErrorThrow);","            local.testCase_buildTest_default(options, local.onErrorThrow);","            local.testCase_buildCustomOrg_default(options, local.onErrorThrow);","            options = [];","            local.buildApp(options, onError);","        };","","        local.testCase_buildCustomOrg_default = local.testCase_buildCustomOrg_default ||","            function (options, onError) {","            /*","             * this function will test buildCustomOrg's default handling-behavior","             */","                options = {};","                local.buildCustomOrg(options, onError);","            };","","        local.testCase_buildLib_default = local.testCase_buildLib_default || function (","            options,","            onError","        ) {","        /*","         * this function will test buildLib's default handling-behavior","         */","            options = {};","            local.buildLib(options, onError);","        };","","        local.testCase_buildReadme_default = local.testCase_buildReadme_default || function (","            options,","            onError","        ) {","        /*","         * this function will test buildReadme's default handling-behavior-behavior","         */","            options = {};","            local.buildReadme(options, onError);","        };","","        local.testCase_buildTest_default = local.testCase_buildTest_default || function (","            options,","            onError","        ) {","        /*","         * this function will test buildTest's default handling-behavior","         */","            options = {};","            local.buildTest(options, onError);","        };","","        local.testCase_webpage_default = local.testCase_webpage_default || function (","            options,","            onError","        ) {","        /*","         * this function will test webpage's default handling-behavior","         */","            options = { modeCoverageMerge: true, url: local.serverLocalHost + '?modeTest=1' };","            local.browserTest(options, onError);","        };","","        // run test-server","        local.testRunServer(local);","        break;","    }","}());",""],"l":{"12":2,"14":2,"19":2,"21":2,"23":2,"24":2,"25":2,"30":1,"37":2,"40":2,"43":1,"47":1,"50":1,"52":1,"55":2,"61":2,"62":2,"64":2,"70":1,"76":1,"82":2,"83":2,"85":2,"91":1,"98":1,"102":1,"105":1,"112":1,"119":1,"120":1,"123":1,"130":1,"131":1,"132":1,"133":1,"134":1,"135":1,"138":1,"143":2,"144":2,"147":1,"154":2,"155":2,"158":1,"165":2,"166":2,"169":1,"176":2,"177":2,"180":1,"187":1,"188":1,"192":1,"193":1}},"/home/travis/build/npmtest/node-npmtest-blink-diff/lib.npmtest_blink_diff.js":{"path":"/home/travis/build/npmtest/node-npmtest-blink-diff/lib.npmtest_blink_diff.js","s":{"1":2,"2":2,"3":2,"4":2,"5":2,"6":2,"7":2,"8":1,"9":2,"10":2,"11":2,"12":2,"13":1,"14":1,"15":1,"16":1},"b":{"1":[2,1,1,1],"2":[1,1,1,1],"3":[1,1],"4":[2,2],"5":[1,1]},"f":{"1":2,"2":2,"3":2},"fnMap":{"1":{"name":"(anonymous_1)","line":12,"loc":{"start":{"line":12,"column":1},"end":{"line":12,"column":13}}},"2":{"name":"(anonymous_2)","line":19,"loc":{"start":{"line":19,"column":5},"end":{"line":19,"column":17}}},"3":{"name":"(anonymous_3)","line":23,"loc":{"start":{"line":23,"column":24},"end":{"line":23,"column":36}}}},"statementMap":{"1":{"start":{"line":12,"column":0},"end":{"line":53,"column":5}},"2":{"start":{"line":14,"column":4},"end":{"line":14,"column":14}},"3":{"start":{"line":19,"column":4},"end":{"line":52,"column":9}},"4":{"start":{"line":21,"column":8},"end":{"line":21,"column":19}},"5":{"start":{"line":23,"column":8},"end":{"line":35,"column":13}},"6":{"start":{"line":24,"column":12},"end":{"line":34,"column":13}},"7":{"start":{"line":25,"column":16},"end":{"line":28,"column":30}},"8":{"start":{"line":30,"column":16},"end":{"line":33,"column":27}},"9":{"start":{"line":37,"column":8},"end":{"line":39,"column":21}},"10":{"start":{"line":41,"column":8},"end":{"line":41,"column":54}},"11":{"start":{"line":43,"column":8},"end":{"line":43,"column":55}},"12":{"start":{"line":45,"column":8},"end":{"line":51,"column":9}},"13":{"start":{"line":46,"column":12},"end":{"line":46,"column":61}},"14":{"start":{"line":48,"column":12},"end":{"line":48,"column":35}},"15":{"start":{"line":49,"column":12},"end":{"line":49,"column":49}},"16":{"start":{"line":50,"column":12},"end":{"line":50,"column":43}}},"branchMap":{"1":{"line":25,"type":"binary-expr","locations":[{"start":{"line":25,"column":23},"end":{"line":25,"column":62}},{"start":{"line":26,"column":20},"end":{"line":26,"column":70}},{"start":{"line":27,"column":20},"end":{"line":27,"column":71}},{"start":{"line":28,"column":20},"end":{"line":28,"column":29}}]},"2":{"line":30,"type":"binary-expr","locations":[{"start":{"line":30,"column":23},"end":{"line":30,"column":37}},{"start":{"line":31,"column":20},"end":{"line":31,"column":61}},{"start":{"line":32,"column":20},"end":{"line":32,"column":70}},{"start":{"line":33,"column":20},"end":{"line":33,"column":26}}]},"3":{"line":37,"type":"cond-expr","locations":[{"start":{"line":38,"column":14},"end":{"line":38,"column":20}},{"start":{"line":39,"column":14},"end":{"line":39,"column":20}}]},"4":{"line":41,"type":"binary-expr","locations":[{"start":{"line":41,"column":16},"end":{"line":41,"column":44}},{"start":{"line":41,"column":48},"end":{"line":41,"column":53}}]},"5":{"line":45,"type":"if","locations":[{"start":{"line":45,"column":8},"end":{"line":45,"column":8}},{"start":{"line":45,"column":8},"end":{"line":45,"column":8}}]}},"code":["/* istanbul instrument in package npmtest_blink_diff */","/*jslint","    bitwise: true,","    browser: true,","    maxerr: 8,","    maxlen: 96,","    node: true,","    nomen: true,","    regexp: true,","    stupid: true","*/","(function () {","    'use strict';","    var local;","","","","    // run shared js-env code - pre-init","    (function () {","        // init local","        local = {};","        // init modeJs","        local.modeJs = (function () {","            try {","                return typeof navigator.userAgent === 'string' &&","                    typeof document.querySelector('body') === 'object' &&","                    typeof XMLHttpRequest.prototype.open === 'function' &&","                    'browser';","            } catch (errorCaughtBrowser) {","                return module.exports &&","                    typeof process.versions.node === 'string' &&","                    typeof require('http').createServer === 'function' &&","                    'node';","            }","        }());","        // init global","        local.global = local.modeJs === 'browser'","            ? window","            : global;","        // init utility2_rollup","        local = local.global.utility2_rollup || local;","        // init lib","        local.local = local.npmtest_blink_diff = local;","        // init exports","        if (local.modeJs === 'browser') {","            local.global.utility2_npmtest_blink_diff = local;","        } else {","            module.exports = local;","            module.exports.__dirname = __dirname;","            module.exports.module = module;","        }","    }());","}());",""],"l":{"12":2,"14":2,"19":2,"21":2,"23":2,"24":2,"25":2,"30":1,"37":2,"41":2,"43":2,"45":2,"46":1,"48":1,"49":1,"50":1}},"/home/travis/build/npmtest/node-npmtest-blink-diff/example.js":{"path":"/home/travis/build/npmtest/node-npmtest-blink-diff/example.js","s":{"1":2,"2":2,"3":2,"4":2,"5":2,"6":2,"7":2,"8":1,"9":2,"10":2,"11":2,"12":2,"13":1,"14":2,"15":2,"16":2,"17":2,"18":2,"19":0,"20":2,"21":1,"22":1,"23":1,"24":1,"25":1,"26":0,"27":0,"28":1,"29":1,"30":2,"31":0,"32":0,"33":0,"34":1,"35":2,"36":2,"37":3,"38":3,"39":3,"40":3,"41":0,"42":3,"43":3,"44":3,"45":1,"46":3,"47":1,"48":1,"49":1,"50":1,"51":1,"52":1,"53":1,"54":1,"55":1,"56":1,"57":0,"58":1,"59":6,"60":6,"61":1,"62":2,"63":0,"64":2,"65":1,"66":1,"67":0,"68":0,"69":0,"70":0,"71":0,"72":0,"73":0,"74":0,"75":0,"76":0,"77":0,"78":0,"79":0,"80":0,"81":0,"82":0,"83":0},"b":{"1":[2,1,1,1],"2":[1,1,1,1],"3":[1,1],"4":[2,2],"5":[1,1],"6":[1,1],"7":[2,0],"8":[2,1,1,1,1,1],"9":[0,2,0],"10":[1,1],"11":[2,1,1],"12":[1,0],"13":[0,2],"14":[2,0,0,0,0,0,0],"15":[0,3],"16":[3,0],"17":[1,1],"18":[0,1],"19":[1,2,0,2],"20":[1,0],"21":[1,1],"22":[0,0],"23":[0,0],"24":[0,0],"25":[0,0],"26":[0,0],"27":[0,0],"28":[0,0]},"f":{"1":2,"2":2,"3":2,"4":2,"5":2,"6":2,"7":3,"8":3,"9":3,"10":1,"11":6,"12":0},"fnMap":{"1":{"name":"(anonymous_1)","line":26,"loc":{"start":{"line":26,"column":1},"end":{"line":26,"column":13}}},"2":{"name":"(anonymous_2)","line":33,"loc":{"start":{"line":33,"column":5},"end":{"line":33,"column":17}}},"3":{"name":"(anonymous_3)","line":37,"loc":{"start":{"line":37,"column":24},"end":{"line":37,"column":36}}},"4":{"name":"(anonymous_4)","line":69,"loc":{"start":{"line":69,"column":31},"end":{"line":69,"column":48}},"skip":true},"5":{"name":"(anonymous_5)","line":78,"loc":{"start":{"line":78,"column":26},"end":{"line":78,"column":45}},"skip":true},"6":{"name":"(anonymous_6)","line":123,"loc":{"start":{"line":123,"column":33},"end":{"line":123,"column":48}},"skip":true},"7":{"name":"(anonymous_7)","line":125,"loc":{"start":{"line":125,"column":27},"end":{"line":125,"column":39}},"skip":true},"8":{"name":"(anonymous_8)","line":133,"loc":{"start":{"line":133,"column":59},"end":{"line":133,"column":74}},"skip":true},"9":{"name":"(anonymous_9)","line":143,"loc":{"start":{"line":143,"column":45},"end":{"line":143,"column":62}},"skip":true},"10":{"name":"(anonymous_10)","line":144,"loc":{"start":{"line":144,"column":73},"end":{"line":144,"column":92}},"skip":true},"11":{"name":"(anonymous_11)","line":272,"loc":{"start":{"line":272,"column":51},"end":{"line":272,"column":77}},"skip":true},"12":{"name":"(anonymous_12)","line":315,"loc":{"start":{"line":315,"column":32},"end":{"line":315,"column":61}},"skip":true}},"statementMap":{"1":{"start":{"line":26,"column":0},"end":{"line":326,"column":5}},"2":{"start":{"line":28,"column":4},"end":{"line":28,"column":14}},"3":{"start":{"line":33,"column":4},"end":{"line":60,"column":9}},"4":{"start":{"line":35,"column":8},"end":{"line":35,"column":19}},"5":{"start":{"line":37,"column":8},"end":{"line":49,"column":13}},"6":{"start":{"line":38,"column":12},"end":{"line":48,"column":13}},"7":{"start":{"line":39,"column":16},"end":{"line":42,"column":30}},"8":{"start":{"line":44,"column":16},"end":{"line":47,"column":27}},"9":{"start":{"line":51,"column":8},"end":{"line":53,"column":21}},"10":{"start":{"line":55,"column":8},"end":{"line":57,"column":45}},"11":{"start":{"line":59,"column":8},"end":{"line":59,"column":35}},"12":{"start":{"line":61,"column":4},"end":{"line":325,"column":5}},"13":{"start":{"line":69,"column":8},"end":{"line":121,"column":10},"skip":true},"14":{"start":{"line":70,"column":12},"end":{"line":88,"column":13},"skip":true},"15":{"start":{"line":76,"column":16},"end":{"line":87,"column":19},"skip":true},"16":{"start":{"line":79,"column":20},"end":{"line":86,"column":21},"skip":true},"17":{"start":{"line":82,"column":24},"end":{"line":82,"column":43},"skip":true},"18":{"start":{"line":83,"column":24},"end":{"line":83,"column":30},"skip":true},"19":{"start":{"line":85,"column":24},"end":{"line":85,"column":49},"skip":true},"20":{"start":{"line":89,"column":12},"end":{"line":107,"column":13},"skip":true},"21":{"start":{"line":92,"column":16},"end":{"line":102,"column":17},"skip":true},"22":{"start":{"line":93,"column":20},"end":{"line":93,"column":86},"skip":true},"23":{"start":{"line":94,"column":20},"end":{"line":95,"column":45},"skip":true},"24":{"start":{"line":96,"column":20},"end":{"line":96,"column":42},"skip":true},"25":{"start":{"line":97,"column":20},"end":{"line":97,"column":48},"skip":true},"26":{"start":{"line":100,"column":20},"end":{"line":100,"column":85},"skip":true},"27":{"start":{"line":101,"column":20},"end":{"line":101,"column":96},"skip":true},"28":{"start":{"line":103,"column":16},"end":{"line":103,"column":22},"skip":true},"29":{"start":{"line":106,"column":16},"end":{"line":106,"column":22},"skip":true},"30":{"start":{"line":108,"column":12},"end":{"line":120,"column":13},"skip":true},"31":{"start":{"line":114,"column":16},"end":{"line":119,"column":17},"skip":true},"32":{"start":{"line":116,"column":20},"end":{"line":116,"column":78},"skip":true},"33":{"start":{"line":118,"column":20},"end":{"line":118,"column":47},"skip":true},"34":{"start":{"line":123,"column":8},"end":{"line":141,"column":11},"skip":true},"35":{"start":{"line":124,"column":12},"end":{"line":124,"column":54},"skip":true},"36":{"start":{"line":125,"column":12},"end":{"line":140,"column":14},"skip":true},"37":{"start":{"line":126,"column":16},"end":{"line":126,"column":28},"skip":true},"38":{"start":{"line":127,"column":16},"end":{"line":127,"column":69},"skip":true},"39":{"start":{"line":128,"column":16},"end":{"line":128,"column":75},"skip":true},"40":{"start":{"line":129,"column":16},"end":{"line":131,"column":17},"skip":true},"41":{"start":{"line":130,"column":20},"end":{"line":130,"column":27},"skip":true},"42":{"start":{"line":133,"column":16},"end":{"line":137,"column":36},"skip":true},"43":{"start":{"line":134,"column":20},"end":{"line":136,"column":55},"skip":true},"44":{"start":{"line":139,"column":16},"end":{"line":139,"column":57},"skip":true},"45":{"start":{"line":143,"column":8},"end":{"line":147,"column":11},"skip":true},"46":{"start":{"line":144,"column":12},"end":{"line":146,"column":15},"skip":true},"47":{"start":{"line":145,"column":16},"end":{"line":145,"column":70},"skip":true},"48":{"start":{"line":149,"column":8},"end":{"line":149,"column":31},"skip":true},"49":{"start":{"line":150,"column":8},"end":{"line":150,"column":14},"skip":true},"50":{"start":{"line":158,"column":8},"end":{"line":158,"column":31},"skip":true},"51":{"start":{"line":160,"column":8},"end":{"line":160,"column":33},"skip":true},"52":{"start":{"line":161,"column":8},"end":{"line":161,"column":37},"skip":true},"53":{"start":{"line":162,"column":8},"end":{"line":162,"column":35},"skip":true},"54":{"start":{"line":164,"column":8},"end":{"line":164,"column":50},"skip":true},"55":{"start":{"line":166,"column":8},"end":{"line":256,"column":2},"skip":true},"56":{"start":{"line":258,"column":8},"end":{"line":286,"column":9},"skip":true},"57":{"start":{"line":259,"column":12},"end":{"line":269,"column":14},"skip":true},"58":{"start":{"line":271,"column":12},"end":{"line":285,"column":19},"skip":true},"59":{"start":{"line":274,"column":20},"end":{"line":274,"column":35},"skip":true},"60":{"start":{"line":275,"column":20},"end":{"line":284,"column":21},"skip":true},"61":{"start":{"line":277,"column":24},"end":{"line":277,"column":64},"skip":true},"62":{"start":{"line":279,"column":24},"end":{"line":279,"column":40},"skip":true},"63":{"start":{"line":281,"column":24},"end":{"line":281,"column":40},"skip":true},"64":{"start":{"line":283,"column":24},"end":{"line":283,"column":39},"skip":true},"65":{"start":{"line":288,"column":8},"end":{"line":290,"column":9},"skip":true},"66":{"start":{"line":289,"column":12},"end":{"line":289,"column":18},"skip":true},"67":{"start":{"line":291,"column":8},"end":{"line":293,"column":54},"skip":true},"68":{"start":{"line":296,"column":8},"end":{"line":301,"column":37},"skip":true},"69":{"start":{"line":303,"column":8},"end":{"line":303,"column":82},"skip":true},"70":{"start":{"line":306,"column":8},"end":{"line":308,"column":9},"skip":true},"71":{"start":{"line":307,"column":12},"end":{"line":307,"column":82},"skip":true},"72":{"start":{"line":310,"column":8},"end":{"line":312,"column":9},"skip":true},"73":{"start":{"line":311,"column":12},"end":{"line":311,"column":18},"skip":true},"74":{"start":{"line":313,"column":8},"end":{"line":313,"column":54},"skip":true},"75":{"start":{"line":314,"column":8},"end":{"line":314,"column":69},"skip":true},"76":{"start":{"line":315,"column":8},"end":{"line":323,"column":36},"skip":true},"77":{"start":{"line":316,"column":12},"end":{"line":316,"column":61},"skip":true},"78":{"start":{"line":317,"column":12},"end":{"line":320,"column":13},"skip":true},"79":{"start":{"line":318,"column":16},"end":{"line":318,"column":75},"skip":true},"80":{"start":{"line":319,"column":16},"end":{"line":319,"column":23},"skip":true},"81":{"start":{"line":321,"column":12},"end":{"line":321,"column":38},"skip":true},"82":{"start":{"line":322,"column":12},"end":{"line":322,"column":27},"skip":true},"83":{"start":{"line":324,"column":8},"end":{"line":324,"column":14},"skip":true}},"branchMap":{"1":{"line":39,"type":"binary-expr","locations":[{"start":{"line":39,"column":23},"end":{"line":39,"column":62}},{"start":{"line":40,"column":20},"end":{"line":40,"column":70}},{"start":{"line":41,"column":20},"end":{"line":41,"column":71}},{"start":{"line":42,"column":20},"end":{"line":42,"column":29}}]},"2":{"line":44,"type":"binary-expr","locations":[{"start":{"line":44,"column":23},"end":{"line":44,"column":37}},{"start":{"line":45,"column":20},"end":{"line":45,"column":61}},{"start":{"line":46,"column":20},"end":{"line":46,"column":70}},{"start":{"line":47,"column":20},"end":{"line":47,"column":26}}]},"3":{"line":51,"type":"cond-expr","locations":[{"start":{"line":52,"column":14},"end":{"line":52,"column":20}},{"start":{"line":53,"column":14},"end":{"line":53,"column":20}}]},"4":{"line":55,"type":"binary-expr","locations":[{"start":{"line":55,"column":16},"end":{"line":55,"column":44}},{"start":{"line":55,"column":49},"end":{"line":57,"column":43}}]},"5":{"line":55,"type":"cond-expr","locations":[{"start":{"line":56,"column":14},"end":{"line":56,"column":54}},{"start":{"line":57,"column":14},"end":{"line":57,"column":43}}]},"6":{"line":61,"type":"switch","locations":[{"start":{"line":68,"column":4},"end":{"line":150,"column":14},"skip":true},{"start":{"line":156,"column":4},"end":{"line":324,"column":14},"skip":true}]},"7":{"line":70,"type":"if","locations":[{"start":{"line":70,"column":12},"end":{"line":70,"column":12},"skip":true},{"start":{"line":70,"column":12},"end":{"line":70,"column":12},"skip":true}]},"8":{"line":70,"type":"binary-expr","locations":[{"start":{"line":70,"column":16},"end":{"line":70,"column":22},"skip":true},{"start":{"line":70,"column":27},"end":{"line":70,"column":32},"skip":true},{"start":{"line":71,"column":20},"end":{"line":71,"column":39},"skip":true},{"start":{"line":72,"column":20},"end":{"line":72,"column":49},"skip":true},{"start":{"line":73,"column":20},"end":{"line":73,"column":58},"skip":true},{"start":{"line":74,"column":20},"end":{"line":74,"column":69},"skip":true}]},"9":{"line":79,"type":"switch","locations":[{"start":{"line":80,"column":20},"end":{"line":80,"column":33},"skip":true},{"start":{"line":81,"column":20},"end":{"line":83,"column":30},"skip":true},{"start":{"line":84,"column":20},"end":{"line":85,"column":49},"skip":true}]},"10":{"line":89,"type":"switch","locations":[{"start":{"line":90,"column":12},"end":{"line":103,"column":22},"skip":true},{"start":{"line":105,"column":12},"end":{"line":106,"column":22},"skip":true}]},"11":{"line":89,"type":"binary-expr","locations":[{"start":{"line":89,"column":20},"end":{"line":89,"column":25},"skip":true},{"start":{"line":89,"column":29},"end":{"line":89,"column":48},"skip":true},{"start":{"line":89,"column":52},"end":{"line":89,"column":74},"skip":true}]},"12":{"line":92,"type":"if","locations":[{"start":{"line":92,"column":16},"end":{"line":92,"column":16},"skip":true},{"start":{"line":92,"column":16},"end":{"line":92,"column":16},"skip":true}]},"13":{"line":108,"type":"if","locations":[{"start":{"line":108,"column":12},"end":{"line":108,"column":12},"skip":true},{"start":{"line":108,"column":12},"end":{"line":108,"column":12},"skip":true}]},"14":{"line":108,"type":"binary-expr","locations":[{"start":{"line":108,"column":16},"end":{"line":108,"column":61},"skip":true},{"start":{"line":108,"column":66},"end":{"line":108,"column":72},"skip":true},{"start":{"line":108,"column":77},"end":{"line":108,"column":82},"skip":true},{"start":{"line":109,"column":20},"end":{"line":109,"column":39},"skip":true},{"start":{"line":110,"column":20},"end":{"line":110,"column":49},"skip":true},{"start":{"line":111,"column":20},"end":{"line":111,"column":58},"skip":true},{"start":{"line":112,"column":20},"end":{"line":112,"column":68},"skip":true}]},"15":{"line":129,"type":"if","locations":[{"start":{"line":129,"column":16},"end":{"line":129,"column":16},"skip":true},{"start":{"line":129,"column":16},"end":{"line":129,"column":16},"skip":true}]},"16":{"line":134,"type":"cond-expr","locations":[{"start":{"line":135,"column":26},"end":{"line":135,"column":29},"skip":true},{"start":{"line":136,"column":26},"end":{"line":136,"column":54},"skip":true}]},"17":{"line":164,"type":"binary-expr","locations":[{"start":{"line":164,"column":27},"end":{"line":164,"column":43},"skip":true},{"start":{"line":164,"column":47},"end":{"line":164,"column":49},"skip":true}]},"18":{"line":258,"type":"if","locations":[{"start":{"line":258,"column":8},"end":{"line":258,"column":8},"skip":true},{"start":{"line":258,"column":8},"end":{"line":258,"column":8},"skip":true}]},"19":{"line":275,"type":"switch","locations":[{"start":{"line":276,"column":20},"end":{"line":277,"column":64},"skip":true},{"start":{"line":278,"column":20},"end":{"line":279,"column":40},"skip":true},{"start":{"line":280,"column":20},"end":{"line":281,"column":40},"skip":true},{"start":{"line":282,"column":20},"end":{"line":283,"column":39},"skip":true}]},"20":{"line":288,"type":"if","locations":[{"start":{"line":288,"column":8},"end":{"line":288,"column":8},"skip":true},{"start":{"line":288,"column":8},"end":{"line":288,"column":8},"skip":true}]},"21":{"line":288,"type":"binary-expr","locations":[{"start":{"line":288,"column":12},"end":{"line":288,"column":40},"skip":true},{"start":{"line":288,"column":44},"end":{"line":288,"column":67},"skip":true}]},"22":{"line":292,"type":"binary-expr","locations":[{"start":{"line":292,"column":12},"end":{"line":292,"column":50},"skip":true},{"start":{"line":293,"column":12},"end":{"line":293,"column":53},"skip":true}]},"23":{"line":297,"type":"binary-expr","locations":[{"start":{"line":297,"column":12},"end":{"line":297,"column":68},"skip":true},{"start":{"line":298,"column":12},"end":{"line":301,"column":36},"skip":true}]},"24":{"line":303,"type":"binary-expr","locations":[{"start":{"line":303,"column":43},"end":{"line":303,"column":75},"skip":true},{"start":{"line":303,"column":79},"end":{"line":303,"column":81},"skip":true}]},"25":{"line":306,"type":"if","locations":[{"start":{"line":306,"column":8},"end":{"line":306,"column":8},"skip":true},{"start":{"line":306,"column":8},"end":{"line":306,"column":8},"skip":true}]},"26":{"line":310,"type":"if","locations":[{"start":{"line":310,"column":8},"end":{"line":310,"column":8},"skip":true},{"start":{"line":310,"column":8},"end":{"line":310,"column":8},"skip":true}]},"27":{"line":313,"type":"binary-expr","locations":[{"start":{"line":313,"column":27},"end":{"line":313,"column":43},"skip":true},{"start":{"line":313,"column":47},"end":{"line":313,"column":53},"skip":true}]},"28":{"line":317,"type":"if","locations":[{"start":{"line":317,"column":12},"end":{"line":317,"column":12},"skip":true},{"start":{"line":317,"column":12},"end":{"line":317,"column":12},"skip":true}]}},"code":["/*","example.js","","quickstart example","","instruction","    1. save this script as example.js","    2. run the shell command:","        $ npm install npmtest-blink-diff && PORT=8081 node example.js","    3. play with the browser-demo on http://127.0.0.1:8081","*/","","","","/* istanbul instrument in package npmtest_blink_diff */","/*jslint","    bitwise: true,","    browser: true,","    maxerr: 8,","    maxlen: 96,","    node: true,","    nomen: true,","    regexp: true,","    stupid: true","*/","(function () {","    'use strict';","    var local;","","","","    // run shared js-env code - pre-init","    (function () {","        // init local","        local = {};","        // init modeJs","        local.modeJs = (function () {","            try {","                return typeof navigator.userAgent === 'string' &&","                    typeof document.querySelector('body') === 'object' &&","                    typeof XMLHttpRequest.prototype.open === 'function' &&","                    'browser';","            } catch (errorCaughtBrowser) {","                return module.exports &&","                    typeof process.versions.node === 'string' &&","                    typeof require('http').createServer === 'function' &&","                    'node';","            }","        }());","        // init global","        local.global = local.modeJs === 'browser'","            ? window","            : global;","        // init utility2_rollup","        local = local.global.utility2_rollup || (local.modeJs === 'browser'","            ? local.global.utility2_npmtest_blink_diff","            : global.utility2_moduleExports);","        // export local","        local.global.local = local;","    }());","    switch (local.modeJs) {","","","","    // post-init","    // run browser js-env code - post-init","    /* istanbul ignore next */","    case 'browser':","        local.testRunBrowser = function (event) {","            if (!event || (event &&","                    event.currentTarget &&","                    event.currentTarget.className &&","                    event.currentTarget.className.includes &&","                    event.currentTarget.className.includes('onreset'))) {","                // reset output","                Array.from(","                    document.querySelectorAll('body > .resettable')","                ).forEach(function (element) {","                    switch (element.tagName) {","                    case 'INPUT':","                    case 'TEXTAREA':","                        element.value = '';","                        break;","                    default:","                        element.textContent = '';","                    }","                });","            }","            switch (event && event.currentTarget && event.currentTarget.id) {","            case 'testRunButton1':","                // show tests","                if (document.querySelector('#testReportDiv1').style.display === 'none') {","                    document.querySelector('#testReportDiv1').style.display = 'block';","                    document.querySelector('#testRunButton1').textContent =","                        'hide internal test';","                    local.modeTest = true;","                    local.testRunDefault(local);","                // hide tests","                } else {","                    document.querySelector('#testReportDiv1').style.display = 'none';","                    document.querySelector('#testRunButton1').textContent = 'run internal test';","                }","                break;","            // custom-case","            default:","                break;","            }","            if (document.querySelector('#inputTextareaEval1') && (!event || (event &&","                    event.currentTarget &&","                    event.currentTarget.className &&","                    event.currentTarget.className.includes &&","                    event.currentTarget.className.includes('oneval')))) {","                // try to eval input-code","                try {","                    /*jslint evil: true*/","                    eval(document.querySelector('#inputTextareaEval1').value);","                } catch (errorCaught) {","                    console.error(errorCaught);","                }","            }","        };","        // log stderr and stdout to #outputTextareaStdout1","        ['error', 'log'].forEach(function (key) {","            console[key + '_original'] = console[key];","            console[key] = function () {","                var element;","                console[key + '_original'].apply(console, arguments);","                element = document.querySelector('#outputTextareaStdout1');","                if (!element) {","                    return;","                }","                // append text to #outputTextareaStdout1","                element.value += Array.from(arguments).map(function (arg) {","                    return typeof arg === 'string'","                        ? arg","                        : JSON.stringify(arg, null, 4);","                }).join(' ') + '\\n';","                // scroll textarea to bottom","                element.scrollTop = element.scrollHeight;","            };","        });","        // init event-handling","        ['change', 'click', 'keyup'].forEach(function (event) {","            Array.from(document.querySelectorAll('.on' + event)).forEach(function (element) {","                element.addEventListener(event, local.testRunBrowser);","            });","        });","        // run tests","        local.testRunBrowser();","        break;","","","","    // run node js-env code - post-init","    /* istanbul ignore next */","    case 'node':","        // export local","        module.exports = local;","        // require modules","        local.fs = require('fs');","        local.http = require('http');","        local.url = require('url');","        // init assets","        local.assetsDict = local.assetsDict || {};","        /* jslint-ignore-begin */","        local.assetsDict['/assets.index.template.html'] = '\\","<!doctype html>\\n\\","<html lang=\"en\">\\n\\","<head>\\n\\","<meta charset=\"UTF-8\">\\n\\","<meta name=\"viewport\" content=\"width=device-width, initial-scale=1\">\\n\\","<title>{{env.npm_package_name}} (v{{env.npm_package_version}})</title>\\n\\","<style>\\n\\","/*csslint\\n\\","    box-sizing: false,\\n\\","    universal-selector: false\\n\\","*/\\n\\","* {\\n\\","    box-sizing: border-box;\\n\\","}\\n\\","body {\\n\\","    background: #dde;\\n\\","    font-family: Arial, Helvetica, sans-serif;\\n\\","    margin: 2rem;\\n\\","}\\n\\","body > * {\\n\\","    margin-bottom: 1rem;\\n\\","}\\n\\",".utility2FooterDiv {\\n\\","    margin-top: 20px;\\n\\","    text-align: center;\\n\\","}\\n\\","</style>\\n\\","<style>\\n\\","/*csslint\\n\\","*/\\n\\","textarea {\\n\\","    font-family: monospace;\\n\\","    height: 10rem;\\n\\","    width: 100%;\\n\\","}\\n\\","textarea[readonly] {\\n\\","    background: #ddd;\\n\\","}\\n\\","</style>\\n\\","</head>\\n\\","<body>\\n\\","<!-- utility2-comment\\n\\","<div id=\"ajaxProgressDiv1\" style=\"background: #d00; height: 2px; left: 0; margin: 0; padding: 0; position: fixed; top: 0; transition: background 0.5s, width 1.5s; width: 25%;\"></div>\\n\\","utility2-comment -->\\n\\","<h1>\\n\\","<!-- utility2-comment\\n\\","    <a\\n\\","        {{#if env.npm_package_homepage}}\\n\\","        href=\"{{env.npm_package_homepage}}\"\\n\\","        {{/if env.npm_package_homepage}}\\n\\","        target=\"_blank\"\\n\\","    >\\n\\","utility2-comment -->\\n\\","        {{env.npm_package_name}} (v{{env.npm_package_version}})\\n\\","<!-- utility2-comment\\n\\","    </a>\\n\\","utility2-comment -->\\n\\","</h1>\\n\\","<h3>{{env.npm_package_description}}</h3>\\n\\","<!-- utility2-comment\\n\\","<h4><a download href=\"assets.app.js\">download standalone app</a></h4>\\n\\","<button class=\"onclick onreset\" id=\"testRunButton1\">run internal test</button><br>\\n\\","<div id=\"testReportDiv1\" style=\"display: none;\"></div>\\n\\","utility2-comment -->\\n\\","\\n\\","\\n\\","\\n\\","<label>stderr and stdout</label>\\n\\","<textarea class=\"resettable\" id=\"outputTextareaStdout1\" readonly></textarea>\\n\\","<!-- utility2-comment\\n\\","{{#if isRollup}}\\n\\","<script src=\"assets.app.js\"></script>\\n\\","{{#unless isRollup}}\\n\\","utility2-comment -->\\n\\","<script src=\"assets.utility2.rollup.js\"></script>\\n\\","<script src=\"jsonp.utility2._stateInit?callback=window.utility2._stateInit\"></script>\\n\\","<script src=\"assets.npmtest_blink_diff.rollup.js\"></script>\\n\\","<script src=\"assets.example.js\"></script>\\n\\","<script src=\"assets.test.js\"></script>\\n\\","<!-- utility2-comment\\n\\","{{/if isRollup}}\\n\\","utility2-comment -->\\n\\","<div class=\"utility2FooterDiv\">\\n\\","    [ this app was created with\\n\\","    <a href=\"https://github.com/kaizhu256/node-utility2\" target=\"_blank\">utility2</a>\\n\\","    ]\\n\\","</div>\\n\\","</body>\\n\\","</html>\\n\\","';","        /* jslint-ignore-end */","        if (local.templateRender) {","            local.assetsDict['/'] = local.templateRender(","                local.assetsDict['/assets.index.template.html'],","                {","                    env: local.objectSetDefault(local.env, {","                        npm_package_description: 'the greatest app in the world!',","                        npm_package_name: 'my-app',","                        npm_package_nameAlias: 'my_app',","                        npm_package_version: '0.0.1'","                    })","                }","            );","        } else {","            local.assetsDict['/'] = local.assetsDict['/assets.index.template.html']","                .replace((/\\{\\{env\\.(\\w+?)\\}\\}/g), function (match0, match1) {","                    // jslint-hack","                    String(match0);","                    switch (match1) {","                    case 'npm_package_description':","                        return 'the greatest app in the world!';","                    case 'npm_package_name':","                        return 'my-app';","                    case 'npm_package_nameAlias':","                        return 'my_app';","                    case 'npm_package_version':","                        return '0.0.1';","                    }","                });","        }","        // run the cli","        if (local.global.utility2_rollup || module !== require.main) {","            break;","        }","        local.assetsDict['/assets.example.js'] =","            local.assetsDict['/assets.example.js'] ||","            local.fs.readFileSync(__filename, 'utf8');","        // bug-workaround - long $npm_package_buildCustomOrg","        /* jslint-ignore-begin */","        local.assetsDict['/assets.npmtest_blink_diff.rollup.js'] =","            local.assetsDict['/assets.npmtest_blink_diff.rollup.js'] ||","            local.fs.readFileSync(","                local.npmtest_blink_diff.__dirname + '/lib.npmtest_blink_diff.js',","                'utf8'","            ).replace((/^#!/), '//');","        /* jslint-ignore-end */","        local.assetsDict['/favicon.ico'] = local.assetsDict['/favicon.ico'] || '';","        // if $npm_config_timeout_exit exists,","        // then exit this process after $npm_config_timeout_exit ms","        if (Number(process.env.npm_config_timeout_exit)) {","            setTimeout(process.exit, Number(process.env.npm_config_timeout_exit));","        }","        // start server","        if (local.global.utility2_serverHttp1) {","            break;","        }","        process.env.PORT = process.env.PORT || '8081';","        console.error('server starting on port ' + process.env.PORT);","        local.http.createServer(function (request, response) {","            request.urlParsed = local.url.parse(request.url);","            if (local.assetsDict[request.urlParsed.pathname] !== undefined) {","                response.end(local.assetsDict[request.urlParsed.pathname]);","                return;","            }","            response.statusCode = 404;","            response.end();","        }).listen(process.env.PORT);","        break;","    }","}());",""],"l":{"26":2,"28":2,"33":2,"35":2,"37":2,"38":2,"39":2,"44":1,"51":2,"55":2,"59":2,"61":2,"69":1,"70":2,"76":2,"79":2,"82":2,"83":2,"85":1,"89":2,"92":1,"93":1,"94":1,"96":1,"97":1,"100":1,"101":1,"103":1,"106":1,"108":2,"114":1,"116":1,"118":1,"123":1,"124":2,"125":2,"126":3,"127":3,"128":3,"129":3,"130":1,"133":3,"134":3,"139":3,"143":1,"144":3,"145":1,"149":1,"150":1,"158":1,"160":1,"161":1,"162":1,"164":1,"166":1,"258":1,"259":1,"271":1,"274":6,"275":6,"277":1,"279":2,"281":1,"283":2,"288":1,"289":1,"291":1,"296":1,"303":1,"306":1,"307":1,"310":1,"311":1,"313":1,"314":1,"315":1,"316":1,"317":1,"318":1,"319":1,"321":1,"322":1,"324":1}},"/home/travis/build/npmtest/node-npmtest-blink-diff/node_modules/blink-diff/index.js":{"path":"/home/travis/build/npmtest/node-npmtest-blink-diff/node_modules/blink-diff/index.js","s":{"1":1,"2":1,"3":0,"4":1,"5":0,"6":0,"7":0,"8":0,"9":0,"10":0,"11":0,"12":0,"13":0,"14":0,"15":0,"16":0,"17":0,"18":0,"19":0,"20":0,"21":0,"22":0,"23":0,"24":0,"25":0,"26":0,"27":0,"28":0,"29":0,"30":0,"31":0,"32":0,"33":0,"34":0,"35":0,"36":0,"37":0,"38":0,"39":0,"40":0,"41":0,"42":0,"43":0,"44":0,"45":0,"46":0,"47":0,"48":0,"49":0,"50":0,"51":0,"52":0,"53":0,"54":0,"55":0,"56":0,"57":0,"58":0,"59":0,"60":0,"61":0,"62":0,"63":1,"64":1,"65":1,"66":1,"67":1,"68":1,"69":1,"70":1,"71":1,"72":1,"73":1,"74":0,"75":0,"76":0,"77":0,"78":0,"79":0,"80":0,"81":0,"82":0,"83":0,"84":0,"85":0,"86":0,"87":0,"88":0,"89":0,"90":0,"91":0,"92":0,"93":0,"94":0,"95":0,"96":0,"97":0,"98":0,"99":0,"100":0,"101":0,"102":0,"103":0,"104":0,"105":0,"106":0,"107":0,"108":0,"109":0,"110":0,"111":0,"112":0,"113":0,"114":0,"115":0,"116":0,"117":0,"118":0,"119":0,"120":0,"121":0,"122":0,"123":0,"124":0,"125":0,"126":0,"127":0,"128":0,"129":0,"130":0,"131":0,"132":0,"133":0,"134":0,"135":0,"136":0,"137":0,"138":0,"139":0,"140":0,"141":0,"142":0,"143":0,"144":0,"145":0,"146":0,"147":0,"148":0,"149":0,"150":0,"151":0,"152":0,"153":0,"154":0,"155":0,"156":0,"157":0,"158":0,"159":0,"160":0,"161":0,"162":0,"163":0,"164":0,"165":0,"166":0,"167":0,"168":0,"169":0,"170":0,"171":0,"172":0,"173":0,"174":0,"175":0,"176":0,"177":0,"178":0,"179":0,"180":0,"181":0,"182":0,"183":0,"184":0,"185":0,"186":0,"187":0,"188":0,"189":0,"190":0,"191":0,"192":0,"193":0,"194":0,"195":0,"196":0,"197":0,"198":0,"199":0,"200":0,"201":0,"202":0,"203":0,"204":0,"205":0,"206":0,"207":0,"208":0,"209":0,"210":0,"211":0,"212":0,"213":0,"214":0,"215":0,"216":0,"217":0,"218":0,"219":0,"220":0,"221":0,"222":0,"223":0,"224":0,"225":0,"226":0,"227":0,"228":0,"229":0,"230":0,"231":0,"232":0,"233":0,"234":0,"235":0,"236":0,"237":0,"238":0,"239":0,"240":0,"241":0,"242":0,"243":0,"244":0,"245":0,"246":0,"247":0,"248":0,"249":0,"250":0,"251":0,"252":0,"253":0,"254":0,"255":0,"256":0,"257":1,"258":0,"259":0,"260":0,"261":0,"262":0,"263":0,"264":0,"265":0,"266":0,"267":0,"268":0,"269":0,"270":0,"271":0,"272":0,"273":0,"274":0,"275":0,"276":0,"277":0,"278":0,"279":0,"280":0,"281":0,"282":0,"283":0,"284":0,"285":0,"286":0,"287":0,"288":0,"289":0,"290":0,"291":0,"292":0,"293":0,"294":0,"295":0,"296":0,"297":0,"298":0,"299":0,"300":0,"301":0,"302":0,"303":0,"304":0,"305":0,"306":0,"307":0,"308":0,"309":0,"310":0,"311":0,"312":0,"313":0,"314":0,"315":0,"316":0,"317":0,"318":1},"b":{"1":[0,0],"2":[0,0],"3":[0,0],"4":[0,0],"5":[0,0],"6":[0,0],"7":[0,0],"8":[0,0],"9":[0,0],"10":[0,0],"11":[0,0],"12":[0,0],"13":[0,0],"14":[0,0],"15":[0,0,0,0],"16":[0,0],"17":[0,0],"18":[0,0],"19":[0,0],"20":[0,0],"21":[0,0],"22":[0,0],"23":[0,0],"24":[0,0],"25":[0,0],"26":[0,0],"27":[0,0],"28":[0,0],"29":[0,0],"30":[0,0],"31":[0,0,0,0],"32":[0,0],"33":[0,0],"34":[0,0],"35":[0,0],"36":[0,0],"37":[0,0],"38":[0,0],"39":[0,0],"40":[0,0],"41":[0,0,0],"42":[0,0],"43":[0,0],"44":[0,0],"45":[0,0],"46":[0,0],"47":[0,0],"48":[0,0],"49":[0,0],"50":[0,0],"51":[0,0],"52":[0,0],"53":[0,0],"54":[0,0],"55":[0,0],"56":[0,0],"57":[0,0],"58":[0,0],"59":[0,0],"60":[0,0],"61":[0,0],"62":[0,0],"63":[0,0,0,0],"64":[0,0],"65":[0,0],"66":[0,0],"67":[0,0],"68":[0,0],"69":[0,0],"70":[0,0],"71":[0,0],"72":[0,0],"73":[0,0],"74":[0,0],"75":[0,0],"76":[0,0],"77":[0,0],"78":[0,0],"79":[0,0],"80":[0,0]},"f":{"1":0,"2":0,"3":0,"4":0,"5":0,"6":0,"7":0,"8":0,"9":0,"10":0,"11":0,"12":0,"13":0,"14":0,"15":0,"16":0,"17":0,"18":0,"19":0,"20":0,"21":0,"22":0,"23":0,"24":0,"25":0,"26":0,"27":0,"28":0,"29":0,"30":0,"31":0,"32":0,"33":0,"34":0,"35":0},"fnMap":{"1":{"name":"load","line":8,"loc":{"start":{"line":8,"column":0},"end":{"line":8,"column":35}}},"2":{"name":"BlinkDiff","line":133,"loc":{"start":{"line":133,"column":0},"end":{"line":133,"column":29}}},"3":{"name":"(anonymous_3)","line":329,"loc":{"start":{"line":329,"column":17},"end":{"line":329,"column":29}}},"4":{"name":"(anonymous_4)","line":349,"loc":{"start":{"line":349,"column":6},"end":{"line":349,"column":20}}},"5":{"name":"(anonymous_5)","line":353,"loc":{"start":{"line":353,"column":17},"end":{"line":353,"column":33}}},"6":{"name":"(anonymous_6)","line":358,"loc":{"start":{"line":358,"column":15},"end":{"line":358,"column":27}}},"7":{"name":"(anonymous_7)","line":361,"loc":{"start":{"line":361,"column":21},"end":{"line":361,"column":39}}},"8":{"name":"(anonymous_8)","line":365,"loc":{"start":{"line":365,"column":21},"end":{"line":365,"column":39}}},"9":{"name":"(anonymous_9)","line":461,"loc":{"start":{"line":461,"column":56},"end":{"line":461,"column":71}}},"10":{"name":"(anonymous_10)","line":473,"loc":{"start":{"line":473,"column":27},"end":{"line":473,"column":42}}},"11":{"name":"(anonymous_11)","line":485,"loc":{"start":{"line":485,"column":10},"end":{"line":485,"column":22}}},"12":{"name":"(anonymous_12)","line":489,"loc":{"start":{"line":489,"column":17},"end":{"line":489,"column":33}}},"13":{"name":"(anonymous_13)","line":614,"loc":{"start":{"line":614,"column":21},"end":{"line":614,"column":56}}},"14":{"name":"(anonymous_14)","line":626,"loc":{"start":{"line":626,"column":36},"end":{"line":626,"column":58}}},"15":{"name":"(anonymous_15)","line":645,"loc":{"start":{"line":645,"column":21},"end":{"line":645,"column":60}}},"16":{"name":"(anonymous_16)","line":680,"loc":{"start":{"line":680,"column":17},"end":{"line":680,"column":40}}},"17":{"name":"(anonymous_17)","line":702,"loc":{"start":{"line":702,"column":13},"end":{"line":702,"column":36}}},"18":{"name":"(anonymous_18)","line":723,"loc":{"start":{"line":723,"column":13},"end":{"line":723,"column":43}}},"19":{"name":"(anonymous_19)","line":736,"loc":{"start":{"line":736,"column":19},"end":{"line":736,"column":43}}},"20":{"name":"(anonymous_20)","line":755,"loc":{"start":{"line":755,"column":6},"end":{"line":755,"column":22}}},"21":{"name":"(anonymous_21)","line":767,"loc":{"start":{"line":767,"column":12},"end":{"line":767,"column":30}}},"22":{"name":"(anonymous_22)","line":780,"loc":{"start":{"line":780,"column":8},"end":{"line":780,"column":34}}},"23":{"name":"(anonymous_23)","line":816,"loc":{"start":{"line":816,"column":8},"end":{"line":816,"column":38}}},"24":{"name":"(anonymous_24)","line":839,"loc":{"start":{"line":839,"column":21},"end":{"line":839,"column":52}}},"25":{"name":"(anonymous_25)","line":878,"loc":{"start":{"line":878,"column":14},"end":{"line":878,"column":40}}},"26":{"name":"(anonymous_26)","line":900,"loc":{"start":{"line":900,"column":12},"end":{"line":900,"column":53}}},"27":{"name":"(anonymous_27)","line":926,"loc":{"start":{"line":926,"column":16},"end":{"line":926,"column":40}}},"28":{"name":"(anonymous_28)","line":956,"loc":{"start":{"line":956,"column":19},"end":{"line":956,"column":36}}},"29":{"name":"(anonymous_29)","line":975,"loc":{"start":{"line":975,"column":22},"end":{"line":975,"column":39}}},"30":{"name":"f","line":978,"loc":{"start":{"line":978,"column":2},"end":{"line":978,"column":17}}},"31":{"name":"(anonymous_31)","line":1004,"loc":{"start":{"line":1004,"column":23},"end":{"line":1004,"column":52}}},"32":{"name":"(anonymous_32)","line":1018,"loc":{"start":{"line":1018,"column":23},"end":{"line":1018,"column":52}}},"33":{"name":"(anonymous_33)","line":1041,"loc":{"start":{"line":1041,"column":16},"end":{"line":1041,"column":121}}},"34":{"name":"(anonymous_34)","line":1112,"loc":{"start":{"line":1112,"column":16},"end":{"line":1112,"column":173}}},"35":{"name":"(anonymous_35)","line":1175,"loc":{"start":{"line":1175,"column":11},"end":{"line":1175,"column":153}}}},"statementMap":{"1":{"start":{"line":4,"column":0},"end":{"line":6,"column":30}},"2":{"start":{"line":8,"column":0},"end":{"line":10,"column":1}},"3":{"start":{"line":9,"column":1},"end":{"line":9,"column":47}},"4":{"start":{"line":133,"column":0},"end":{"line":219,"column":1}},"5":{"start":{"line":135,"column":1},"end":{"line":135,"column":31}},"6":{"start":{"line":136,"column":1},"end":{"line":136,"column":39}},"7":{"start":{"line":137,"column":1},"end":{"line":137,"column":71}},"8":{"start":{"line":139,"column":1},"end":{"line":139,"column":31}},"9":{"start":{"line":140,"column":1},"end":{"line":140,"column":39}},"10":{"start":{"line":141,"column":1},"end":{"line":141,"column":71}},"11":{"start":{"line":143,"column":1},"end":{"line":143,"column":26}},"12":{"start":{"line":144,"column":1},"end":{"line":144,"column":49}},"13":{"start":{"line":145,"column":1},"end":{"line":145,"column":79}},"14":{"start":{"line":148,"column":1},"end":{"line":148,"column":78}},"15":{"start":{"line":151,"column":1},"end":{"line":151,"column":48}},"16":{"start":{"line":153,"column":1},"end":{"line":153,"column":39}},"17":{"start":{"line":155,"column":1},"end":{"line":155,"column":56}},"18":{"start":{"line":156,"column":1},"end":{"line":156,"column":58}},"19":{"start":{"line":157,"column":1},"end":{"line":157,"column":56}},"20":{"start":{"line":158,"column":1},"end":{"line":158,"column":60}},"21":{"start":{"line":159,"column":1},"end":{"line":159,"column":64}},"22":{"start":{"line":161,"column":1},"end":{"line":161,"column":66}},"23":{"start":{"line":162,"column":1},"end":{"line":162,"column":70}},"24":{"start":{"line":163,"column":1},"end":{"line":163,"column":68}},"25":{"start":{"line":164,"column":1},"end":{"line":164,"column":61}},"26":{"start":{"line":165,"column":1},"end":{"line":165,"column":76}},"27":{"start":{"line":167,"column":1},"end":{"line":180,"column":2}},"28":{"start":{"line":168,"column":2},"end":{"line":168,"column":51}},"29":{"start":{"line":169,"column":2},"end":{"line":169,"column":55}},"30":{"start":{"line":170,"column":2},"end":{"line":170,"column":53}},"31":{"start":{"line":171,"column":2},"end":{"line":171,"column":55}},"32":{"start":{"line":172,"column":2},"end":{"line":172,"column":59}},"33":{"start":{"line":175,"column":2},"end":{"line":175,"column":59}},"34":{"start":{"line":176,"column":2},"end":{"line":176,"column":63}},"35":{"start":{"line":177,"column":2},"end":{"line":177,"column":59}},"36":{"start":{"line":178,"column":2},"end":{"line":178,"column":63}},"37":{"start":{"line":179,"column":2},"end":{"line":179,"column":67}},"38":{"start":{"line":182,"column":1},"end":{"line":182,"column":45}},"39":{"start":{"line":183,"column":1},"end":{"line":185,"column":2}},"40":{"start":{"line":184,"column":2},"end":{"line":184,"column":36}},"41":{"start":{"line":187,"column":1},"end":{"line":187,"column":50}},"42":{"start":{"line":188,"column":1},"end":{"line":188,"column":54}},"43":{"start":{"line":189,"column":1},"end":{"line":189,"column":52}},"44":{"start":{"line":190,"column":1},"end":{"line":190,"column":56}},"45":{"start":{"line":191,"column":1},"end":{"line":191,"column":60}},"46":{"start":{"line":193,"column":1},"end":{"line":193,"column":67}},"47":{"start":{"line":194,"column":1},"end":{"line":194,"column":68}},"48":{"start":{"line":196,"column":1},"end":{"line":196,"column":41}},"49":{"start":{"line":198,"column":1},"end":{"line":198,"column":42}},"50":{"start":{"line":200,"column":1},"end":{"line":200,"column":53}},"51":{"start":{"line":201,"column":1},"end":{"line":201,"column":68}},"52":{"start":{"line":202,"column":1},"end":{"line":202,"column":68}},"53":{"start":{"line":204,"column":1},"end":{"line":204,"column":40}},"54":{"start":{"line":205,"column":1},"end":{"line":205,"column":40}},"55":{"start":{"line":207,"column":1},"end":{"line":207,"column":39}},"56":{"start":{"line":208,"column":1},"end":{"line":208,"column":39}},"57":{"start":{"line":211,"column":1},"end":{"line":211,"column":70}},"58":{"start":{"line":213,"column":1},"end":{"line":213,"column":52}},"59":{"start":{"line":215,"column":1},"end":{"line":215,"column":29}},"60":{"start":{"line":216,"column":1},"end":{"line":216,"column":31}},"61":{"start":{"line":217,"column":1},"end":{"line":217,"column":31}},"62":{"start":{"line":218,"column":1},"end":{"line":218,"column":31}},"63":{"start":{"line":229,"column":0},"end":{"line":229,"column":54}},"64":{"start":{"line":239,"column":0},"end":{"line":239,"column":36}},"65":{"start":{"line":248,"column":0},"end":{"line":248,"column":40}},"66":{"start":{"line":258,"column":0},"end":{"line":258,"column":29}},"67":{"start":{"line":267,"column":0},"end":{"line":267,"column":31}},"68":{"start":{"line":276,"column":0},"end":{"line":276,"column":29}},"69":{"start":{"line":285,"column":0},"end":{"line":285,"column":31}},"70":{"start":{"line":295,"column":0},"end":{"line":295,"column":32}},"71":{"start":{"line":304,"column":0},"end":{"line":304,"column":30}},"72":{"start":{"line":313,"column":0},"end":{"line":313,"column":27}},"73":{"start":{"line":316,"column":0},"end":{"line":1212,"column":2}},"74":{"start":{"line":330,"column":2},"end":{"line":330,"column":48}},"75":{"start":{"line":351,"column":2},"end":{"line":351,"column":42}},"76":{"start":{"line":353,"column":2},"end":{"line":356,"column":15}},"77":{"start":{"line":354,"column":3},"end":{"line":354,"column":30}},"78":{"start":{"line":355,"column":3},"end":{"line":355,"column":37}},"79":{"start":{"line":358,"column":2},"end":{"line":476,"column":5}},"80":{"start":{"line":359,"column":3},"end":{"line":359,"column":58}},"81":{"start":{"line":362,"column":3},"end":{"line":362,"column":25}},"82":{"start":{"line":363,"column":3},"end":{"line":363,"column":58}},"83":{"start":{"line":367,"column":3},"end":{"line":367,"column":34}},"84":{"start":{"line":369,"column":3},"end":{"line":369,"column":25}},"85":{"start":{"line":372,"column":3},"end":{"line":375,"column":4}},"86":{"start":{"line":373,"column":4},"end":{"line":373,"column":97}},"87":{"start":{"line":374,"column":4},"end":{"line":374,"column":58}},"88":{"start":{"line":376,"column":3},"end":{"line":379,"column":4}},"89":{"start":{"line":377,"column":4},"end":{"line":377,"column":97}},"90":{"start":{"line":378,"column":4},"end":{"line":378,"column":58}},"91":{"start":{"line":382,"column":3},"end":{"line":382,"column":42}},"92":{"start":{"line":384,"column":3},"end":{"line":384,"column":95}},"93":{"start":{"line":387,"column":3},"end":{"line":393,"column":4}},"94":{"start":{"line":388,"column":4},"end":{"line":388,"column":39}},"95":{"start":{"line":389,"column":4},"end":{"line":389,"column":39}},"96":{"start":{"line":391,"column":4},"end":{"line":391,"column":59}},"97":{"start":{"line":392,"column":4},"end":{"line":392,"column":59}},"98":{"start":{"line":396,"column":3},"end":{"line":402,"column":5}},"99":{"start":{"line":403,"column":3},"end":{"line":411,"column":4}},"100":{"start":{"line":404,"column":4},"end":{"line":404,"column":29}},"101":{"start":{"line":407,"column":4},"end":{"line":407,"column":99}},"102":{"start":{"line":409,"column":4},"end":{"line":409,"column":81}},"103":{"start":{"line":410,"column":4},"end":{"line":410,"column":81}},"104":{"start":{"line":414,"column":3},"end":{"line":418,"column":4}},"105":{"start":{"line":415,"column":4},"end":{"line":415,"column":89}},"106":{"start":{"line":416,"column":10},"end":{"line":418,"column":4}},"107":{"start":{"line":417,"column":4},"end":{"line":417,"column":89}},"108":{"start":{"line":421,"column":3},"end":{"line":421,"column":50}},"109":{"start":{"line":422,"column":3},"end":{"line":422,"column":50}},"110":{"start":{"line":425,"column":3},"end":{"line":429,"column":4}},"111":{"start":{"line":426,"column":4},"end":{"line":428,"column":6}},"112":{"start":{"line":432,"column":3},"end":{"line":450,"column":60}},"113":{"start":{"line":453,"column":3},"end":{"line":457,"column":4}},"114":{"start":{"line":454,"column":4},"end":{"line":454,"column":109}},"115":{"start":{"line":456,"column":4},"end":{"line":456,"column":95}},"116":{"start":{"line":460,"column":3},"end":{"line":471,"column":4}},"117":{"start":{"line":461,"column":4},"end":{"line":468,"column":18}},"118":{"start":{"line":462,"column":5},"end":{"line":467,"column":6}},"119":{"start":{"line":463,"column":6},"end":{"line":463,"column":14}},"120":{"start":{"line":465,"column":6},"end":{"line":465,"column":64}},"121":{"start":{"line":466,"column":6},"end":{"line":466,"column":28}},"122":{"start":{"line":470,"column":4},"end":{"line":470,"column":26}},"123":{"start":{"line":474,"column":3},"end":{"line":474,"column":28}},"124":{"start":{"line":475,"column":3},"end":{"line":475,"column":11}},"125":{"start":{"line":487,"column":2},"end":{"line":487,"column":41}},"126":{"start":{"line":489,"column":2},"end":{"line":492,"column":15}},"127":{"start":{"line":490,"column":3},"end":{"line":490,"column":30}},"128":{"start":{"line":491,"column":3},"end":{"line":491,"column":37}},"129":{"start":{"line":494,"column":2},"end":{"line":602,"column":3}},"130":{"start":{"line":495,"column":3},"end":{"line":495,"column":70}},"131":{"start":{"line":496,"column":3},"end":{"line":496,"column":70}},"132":{"start":{"line":499,"column":3},"end":{"line":502,"column":4}},"133":{"start":{"line":500,"column":4},"end":{"line":500,"column":97}},"134":{"start":{"line":501,"column":4},"end":{"line":501,"column":58}},"135":{"start":{"line":503,"column":3},"end":{"line":506,"column":4}},"136":{"start":{"line":504,"column":4},"end":{"line":504,"column":97}},"137":{"start":{"line":505,"column":4},"end":{"line":505,"column":58}},"138":{"start":{"line":509,"column":3},"end":{"line":509,"column":42}},"139":{"start":{"line":511,"column":3},"end":{"line":511,"column":95}},"140":{"start":{"line":514,"column":3},"end":{"line":520,"column":4}},"141":{"start":{"line":515,"column":4},"end":{"line":515,"column":39}},"142":{"start":{"line":516,"column":4},"end":{"line":516,"column":39}},"143":{"start":{"line":518,"column":4},"end":{"line":518,"column":59}},"144":{"start":{"line":519,"column":4},"end":{"line":519,"column":59}},"145":{"start":{"line":523,"column":3},"end":{"line":529,"column":5}},"146":{"start":{"line":530,"column":3},"end":{"line":538,"column":4}},"147":{"start":{"line":531,"column":4},"end":{"line":531,"column":29}},"148":{"start":{"line":534,"column":4},"end":{"line":534,"column":99}},"149":{"start":{"line":536,"column":4},"end":{"line":536,"column":81}},"150":{"start":{"line":537,"column":4},"end":{"line":537,"column":81}},"151":{"start":{"line":541,"column":3},"end":{"line":545,"column":4}},"152":{"start":{"line":542,"column":4},"end":{"line":542,"column":89}},"153":{"start":{"line":543,"column":10},"end":{"line":545,"column":4}},"154":{"start":{"line":544,"column":4},"end":{"line":544,"column":89}},"155":{"start":{"line":548,"column":3},"end":{"line":548,"column":50}},"156":{"start":{"line":549,"column":3},"end":{"line":549,"column":50}},"157":{"start":{"line":552,"column":3},"end":{"line":556,"column":4}},"158":{"start":{"line":553,"column":4},"end":{"line":555,"column":6}},"159":{"start":{"line":559,"column":3},"end":{"line":582,"column":5}},"160":{"start":{"line":585,"column":3},"end":{"line":589,"column":4}},"161":{"start":{"line":586,"column":4},"end":{"line":586,"column":109}},"162":{"start":{"line":588,"column":4},"end":{"line":588,"column":95}},"163":{"start":{"line":592,"column":3},"end":{"line":595,"column":4}},"164":{"start":{"line":593,"column":4},"end":{"line":593,"column":60}},"165":{"start":{"line":594,"column":4},"end":{"line":594,"column":62}},"166":{"start":{"line":597,"column":3},"end":{"line":597,"column":17}},"167":{"start":{"line":600,"column":3},"end":{"line":600,"column":28}},"168":{"start":{"line":601,"column":3},"end":{"line":601,"column":13}},"169":{"start":{"line":615,"column":2},"end":{"line":615,"column":75}},"170":{"start":{"line":628,"column":2},"end":{"line":630,"column":4}},"171":{"start":{"line":632,"column":2},"end":{"line":632,"column":71}},"172":{"start":{"line":647,"column":2},"end":{"line":647,"column":41}},"173":{"start":{"line":649,"column":2},"end":{"line":666,"column":3}},"174":{"start":{"line":650,"column":3},"end":{"line":650,"column":58}},"175":{"start":{"line":651,"column":3},"end":{"line":651,"column":61}},"176":{"start":{"line":653,"column":3},"end":{"line":665,"column":4}},"177":{"start":{"line":654,"column":4},"end":{"line":654,"column":52}},"178":{"start":{"line":656,"column":4},"end":{"line":656,"column":98}},"179":{"start":{"line":657,"column":4},"end":{"line":657,"column":118}},"180":{"start":{"line":658,"column":4},"end":{"line":658,"column":107}},"181":{"start":{"line":660,"column":4},"end":{"line":660,"column":52}},"182":{"start":{"line":662,"column":4},"end":{"line":662,"column":98}},"183":{"start":{"line":663,"column":4},"end":{"line":663,"column":117}},"184":{"start":{"line":664,"column":4},"end":{"line":664,"column":106}},"185":{"start":{"line":668,"column":2},"end":{"line":668,"column":15}},"186":{"start":{"line":682,"column":2},"end":{"line":690,"column":3}},"187":{"start":{"line":683,"column":3},"end":{"line":683,"column":40}},"188":{"start":{"line":685,"column":9},"end":{"line":690,"column":3}},"189":{"start":{"line":686,"column":3},"end":{"line":686,"column":39}},"190":{"start":{"line":689,"column":3},"end":{"line":689,"column":16}},"191":{"start":{"line":704,"column":2},"end":{"line":712,"column":3}},"192":{"start":{"line":705,"column":3},"end":{"line":705,"column":70}},"193":{"start":{"line":707,"column":9},"end":{"line":712,"column":3}},"194":{"start":{"line":708,"column":3},"end":{"line":708,"column":69}},"195":{"start":{"line":711,"column":3},"end":{"line":711,"column":16}},"196":{"start":{"line":724,"column":2},"end":{"line":724,"column":105}},"197":{"start":{"line":738,"column":2},"end":{"line":743,"column":3}},"198":{"start":{"line":739,"column":3},"end":{"line":739,"column":15}},"199":{"start":{"line":741,"column":9},"end":{"line":743,"column":3}},"200":{"start":{"line":742,"column":3},"end":{"line":742,"column":15}},"201":{"start":{"line":745,"column":2},"end":{"line":745,"column":15}},"202":{"start":{"line":768,"column":2},"end":{"line":768,"column":92}},"203":{"start":{"line":782,"column":2},"end":{"line":782,"column":26}},"204":{"start":{"line":784,"column":2},"end":{"line":800,"column":3}},"205":{"start":{"line":786,"column":3},"end":{"line":786,"column":32}},"206":{"start":{"line":787,"column":3},"end":{"line":789,"column":4}},"207":{"start":{"line":788,"column":4},"end":{"line":788,"column":33}},"208":{"start":{"line":791,"column":3},"end":{"line":791,"column":34}},"209":{"start":{"line":792,"column":3},"end":{"line":794,"column":4}},"210":{"start":{"line":793,"column":4},"end":{"line":793,"column":35}},"211":{"start":{"line":796,"column":3},"end":{"line":796,"column":59}},"212":{"start":{"line":798,"column":3},"end":{"line":798,"column":42}},"213":{"start":{"line":799,"column":3},"end":{"line":799,"column":42}},"214":{"start":{"line":818,"column":2},"end":{"line":818,"column":111}},"215":{"start":{"line":820,"column":2},"end":{"line":820,"column":54}},"216":{"start":{"line":842,"column":2},"end":{"line":842,"column":23}},"217":{"start":{"line":843,"column":2},"end":{"line":843,"column":23}},"218":{"start":{"line":844,"column":2},"end":{"line":844,"column":35}},"219":{"start":{"line":845,"column":2},"end":{"line":845,"column":38}},"220":{"start":{"line":848,"column":2},"end":{"line":848,"column":31}},"221":{"start":{"line":849,"column":2},"end":{"line":849,"column":31}},"222":{"start":{"line":850,"column":2},"end":{"line":850,"column":39}},"223":{"start":{"line":851,"column":2},"end":{"line":851,"column":41}},"224":{"start":{"line":854,"column":2},"end":{"line":854,"column":39}},"225":{"start":{"line":855,"column":2},"end":{"line":855,"column":40}},"226":{"start":{"line":856,"column":2},"end":{"line":856,"column":52}},"227":{"start":{"line":857,"column":2},"end":{"line":857,"column":55}},"228":{"start":{"line":879,"column":2},"end":{"line":879,"column":21}},"229":{"start":{"line":881,"column":2},"end":{"line":881,"column":42}},"230":{"start":{"line":882,"column":2},"end":{"line":882,"column":42}},"231":{"start":{"line":883,"column":2},"end":{"line":883,"column":42}},"232":{"start":{"line":884,"column":2},"end":{"line":884,"column":42}},"233":{"start":{"line":886,"column":2},"end":{"line":886,"column":38}},"234":{"start":{"line":902,"column":2},"end":{"line":902,"column":12}},"235":{"start":{"line":904,"column":2},"end":{"line":906,"column":4}},"236":{"start":{"line":908,"column":2},"end":{"line":912,"column":3}},"237":{"start":{"line":909,"column":3},"end":{"line":909,"column":44}},"238":{"start":{"line":910,"column":3},"end":{"line":910,"column":40}},"239":{"start":{"line":911,"column":3},"end":{"line":911,"column":43}},"240":{"start":{"line":914,"column":2},"end":{"line":914,"column":15}},"241":{"start":{"line":929,"column":2},"end":{"line":931,"column":4}},"242":{"start":{"line":933,"column":2},"end":{"line":943,"column":3}},"243":{"start":{"line":934,"column":3},"end":{"line":936,"column":4}},"244":{"start":{"line":935,"column":4},"end":{"line":935,"column":45}},"245":{"start":{"line":937,"column":3},"end":{"line":939,"column":4}},"246":{"start":{"line":938,"column":4},"end":{"line":938,"column":45}},"247":{"start":{"line":940,"column":3},"end":{"line":942,"column":4}},"248":{"start":{"line":941,"column":4},"end":{"line":941,"column":45}},"249":{"start":{"line":945,"column":2},"end":{"line":945,"column":16}},"250":{"start":{"line":957,"column":2},"end":{"line":957,"column":18}},"251":{"start":{"line":959,"column":2},"end":{"line":959,"column":81}},"252":{"start":{"line":960,"column":2},"end":{"line":960,"column":81}},"253":{"start":{"line":961,"column":2},"end":{"line":961,"column":58}},"254":{"start":{"line":962,"column":2},"end":{"line":962,"column":23}},"255":{"start":{"line":964,"column":2},"end":{"line":964,"column":16}},"256":{"start":{"line":976,"column":2},"end":{"line":976,"column":30}},"257":{"start":{"line":978,"column":2},"end":{"line":980,"column":3}},"258":{"start":{"line":979,"column":3},"end":{"line":979,"column":97}},"259":{"start":{"line":982,"column":2},"end":{"line":982,"column":39}},"260":{"start":{"line":983,"column":2},"end":{"line":983,"column":39}},"261":{"start":{"line":984,"column":2},"end":{"line":984,"column":39}},"262":{"start":{"line":986,"column":2},"end":{"line":986,"column":30}},"263":{"start":{"line":987,"column":2},"end":{"line":987,"column":30}},"264":{"start":{"line":988,"column":2},"end":{"line":988,"column":30}},"265":{"start":{"line":989,"column":2},"end":{"line":989,"column":23}},"266":{"start":{"line":991,"column":2},"end":{"line":991,"column":16}},"267":{"start":{"line":1005,"column":2},"end":{"line":1005,"column":69}},"268":{"start":{"line":1019,"column":2},"end":{"line":1019,"column":55}},"269":{"start":{"line":1043,"column":2},"end":{"line":1043,"column":96}},"270":{"start":{"line":1045,"column":2},"end":{"line":1072,"column":3}},"271":{"start":{"line":1047,"column":3},"end":{"line":1047,"column":50}},"272":{"start":{"line":1048,"column":3},"end":{"line":1048,"column":59}},"273":{"start":{"line":1050,"column":3},"end":{"line":1050,"column":50}},"274":{"start":{"line":1051,"column":3},"end":{"line":1051,"column":60}},"275":{"start":{"line":1053,"column":3},"end":{"line":1071,"column":4}},"276":{"start":{"line":1054,"column":4},"end":{"line":1070,"column":5}},"277":{"start":{"line":1056,"column":5},"end":{"line":1069,"column":6}},"278":{"start":{"line":1058,"column":6},"end":{"line":1058,"column":52}},"279":{"start":{"line":1060,"column":6},"end":{"line":1060,"column":60}},"280":{"start":{"line":1061,"column":6},"end":{"line":1061,"column":60}},"281":{"start":{"line":1063,"column":6},"end":{"line":1063,"column":60}},"282":{"start":{"line":1064,"column":6},"end":{"line":1064,"column":46}},"283":{"start":{"line":1066,"column":6},"end":{"line":1068,"column":7}},"284":{"start":{"line":1067,"column":7},"end":{"line":1067,"column":19}},"285":{"start":{"line":1074,"column":2},"end":{"line":1074,"column":15}},"286":{"start":{"line":1113,"column":2},"end":{"line":1113,"column":53}},"287":{"start":{"line":1115,"column":2},"end":{"line":1137,"column":3}},"288":{"start":{"line":1116,"column":3},"end":{"line":1136,"column":4}},"289":{"start":{"line":1117,"column":4},"end":{"line":1117,"column":30}},"290":{"start":{"line":1119,"column":4},"end":{"line":1119,"column":58}},"291":{"start":{"line":1120,"column":4},"end":{"line":1120,"column":58}},"292":{"start":{"line":1122,"column":4},"end":{"line":1122,"column":45}},"293":{"start":{"line":1124,"column":4},"end":{"line":1135,"column":5}},"294":{"start":{"line":1126,"column":5},"end":{"line":1131,"column":6}},"295":{"start":{"line":1127,"column":6},"end":{"line":1127,"column":50}},"296":{"start":{"line":1129,"column":6},"end":{"line":1129,"column":19}},"297":{"start":{"line":1130,"column":6},"end":{"line":1130,"column":49}},"298":{"start":{"line":1134,"column":5},"end":{"line":1134,"column":48}},"299":{"start":{"line":1139,"column":2},"end":{"line":1139,"column":20}},"300":{"start":{"line":1177,"column":2},"end":{"line":1183,"column":4}},"301":{"start":{"line":1186,"column":2},"end":{"line":1186,"column":35}},"302":{"start":{"line":1187,"column":2},"end":{"line":1187,"column":37}},"303":{"start":{"line":1188,"column":2},"end":{"line":1188,"column":50}},"304":{"start":{"line":1191,"column":2},"end":{"line":1191,"column":203}},"305":{"start":{"line":1194,"column":2},"end":{"line":1210,"column":3}},"306":{"start":{"line":1195,"column":3},"end":{"line":1195,"column":54}},"307":{"start":{"line":1196,"column":3},"end":{"line":1196,"column":44}},"308":{"start":{"line":1197,"column":3},"end":{"line":1197,"column":17}},"309":{"start":{"line":1199,"column":9},"end":{"line":1210,"column":3}},"310":{"start":{"line":1200,"column":3},"end":{"line":1200,"column":44}},"311":{"start":{"line":1201,"column":3},"end":{"line":1201,"column":58}},"312":{"start":{"line":1202,"column":3},"end":{"line":1202,"column":44}},"313":{"start":{"line":1203,"column":3},"end":{"line":1203,"column":17}},"314":{"start":{"line":1206,"column":3},"end":{"line":
[...]
e: 5","\t\t\t\t\t}","\t\t\t\t}","\t\t\t],","","\t\t\tlimits: [","\t\t\t\t{","\t\t\t\t\ttype: \"min\", // max","\t\t\t\t\tcontext: \"width\", // height","\t\t\t\t\tvalue: 50","\t\t\t\t}","\t\t\t]","\t\t},","\t\t{","\t\t\ttype: 'pixel',","\t\t\tcolorDelta: 5,","","\t\t\tgamma: {","\t\t\t\tred: 0,","\t\t\t\tgreen: 0,","\t\t\t\tblue: 0","\t\t\t},","\t\t\tperceptual: true,","\t\t\tfilters: ['blur'],","","\t\t\tshift: {","\t\t\t\tactive: true,","\t\t\t\thorizontal: 2,","\t\t\t\tvertical: 2,","\t\t\t\tvisible: true","\t\t\t},","","\t\t\tblockOuts: [","\t\t\t\t{","\t\t\t\t\tvisible: true,","\t\t\t\t\tarea: {","\t\t\t\t\t\tleft: 0,","\t\t\t\t\t\ttop: 0,","\t\t\t\t\t\twidth: 100,","\t\t\t\t\t\theight: 100","\t\t\t\t\t},","\t\t\t\t\tcolor: {","\t\t\t\t\t\tred: 0,","\t\t\t\t\t\tgreen: 0,","\t\t\t\t\t\tblue: 0,","\t\t\t\t\t\talpha: 0,","\t\t\t\t\t\topacity: 0","\t\t\t\t\t}","\t\t\t\t}","\t\t\t],","","\t\t\tareaImageA: {","\t\t\t\tleft: 0,","\t\t\t\ttop: 0,","\t\t\t\twidth: null,","\t\t\t\theight: null","\t\t\t},","\t\t\tareaImageB: {","\t\t\t\tleft: 0,","\t\t\t\ttop: 0,","\t\t\t\twidth: null,","\t\t\t\theight: null","\t\t\t}","\t\t}","\t],","","\tthreshold: {","\t\ttype: 'pixel',","\t\tvalue: 500","\t},","","\tdiffColor: {","\t\tred: 0,","\t\tgreen: 0,","\t\tblue: 0,","\t\talpha: 0,","\t\topacity: 0","\t},","","\tbackgroundColor: {","\t\tred: 0,","\t\tgreen: 0,","\t\tblue: 0,","\t\talpha: 0,","\t\topacity: 0","\t},","\tignoreColor: {","\t\tred: 0,","\t\tgreen: 0,","\t\tblue: 0,","\t\talpha: 0,","\t\topacity: 0","\t},","","\toutput: {","\t\timagePath: \"\",","\t\tlimit: OUTPUT_DIFFERENT,","\t\tcomposition: COMPOSITION_AUTO,","\t\tcopyImage: COPY_IMAGE_A","\t}","};",""],"l":{"1":2}},"/home/travis/build/npmtest/node-npmtest-blink-diff/node_modules/blink-diff/lib/configuration/anchor.js":{"path":"/home/travis/build/npmtest/node-npmtest-blink-diff/node_modules/blink-diff/lib/configuration/anchor.js","s":{"1":1,"2":1,"3":1,"4":1,"5":1,"6":0,"7":0,"8":0,"9":0,"10":0,"11":0,"12":0,"13":0,"14":0,"15":0,"16":0,"17":1},"b":{},"f":{"1":0,"2":0,"3":0,"4":0,"5":0,"6":0,"7":0},"fnMap":{"1":{"name":"(anonymous_1)","line":31,"loc":{"start":{"line":31,"column":1},"end":{"line":31,"column":20}}},"2":{"name":"(anonymous_2)","line":52,"loc":{"start":{"line":52,"column":11},"end":{"line":52,"column":23}}},"3":{"name":"(anonymous_3)","line":62,"loc":{"start":{"line":62,"column":11},"end":{"line":62,"column":28}}},"4":{"name":"(anonymous_4)","line":73,"loc":{"start":{"line":73,"column":18},"end":{"line":73,"column":30}}},"5":{"name":"(anonymous_5)","line":83,"loc":{"start":{"line":83,"column":18},"end":{"line":83,"column":35}}},"6":{"name":"(anonymous_6)","line":94,"loc":{"start":{"line":94,"column":16},"end":{"line":94,"column":28}}},"7":{"name":"(anonymous_7)","line":104,"loc":{"start":{"line":104,"column":16},"end":{"line":104,"column":33}}}},"statementMap":{"1":{"start":{"line":4,"column":0},"end":{"line":4,"column":29}},"2":{"start":{"line":5,"column":0},"end":{"line":5,"column":44}},"3":{"start":{"line":7,"column":0},"end":{"line":7,"column":45}},"4":{"start":{"line":9,"column":0},"end":{"line":9,"column":40}},"5":{"start":{"line":20,"column":0},"end":{"line":117,"column":2}},"6":{"start":{"line":32,"column":2},"end":{"line":32,"column":24}},"7":{"start":{"line":34,"column":2},"end":{"line":38,"column":16}},"8":{"start":{"line":40,"column":2},"end":{"line":40,"column":29}},"9":{"start":{"line":41,"column":2},"end":{"line":41,"column":40}},"10":{"start":{"line":42,"column":2},"end":{"line":42,"column":39}},"11":{"start":{"line":53,"column":3},"end":{"line":53,"column":21}},"12":{"start":{"line":63,"column":3},"end":{"line":63,"column":22}},"13":{"start":{"line":74,"column":3},"end":{"line":74,"column":25}},"14":{"start":{"line":84,"column":3},"end":{"line":84,"column":26}},"15":{"start":{"line":95,"column":3},"end":{"line":95,"column":26}},"16":{"start":{"line":105,"column":3},"end":{"line":105,"column":70}},"17":{"start":{"line":119,"column":0},"end":{"line":119,"column":24}}},"branchMap":{},"code":["// Copyright 2015 Yahoo! Inc.","// Copyrights licensed under the Mit License. See the accompanying LICENSE file for terms.","","var Base = require('./base');","var utils = require('preceptor-core').utils;","","var Threshold = require('./atoms/threshold');","","var constants = require('../constants');","","/**"," * @class Anchor"," * @extends Base"," * @module Configuration"," *"," * @property {string} _type"," * @property {string} _position"," * @property {Threshold} _threshold"," */","var Anchor = Base.extend(","","\t/**","\t * Anchor constructor","\t *","\t * @param {object} options","\t * @param {string} options.type","\t * @param {string} options.position","\t * @param {object|Threshold} options.threshold","\t * @constructor","\t */","\tfunction (options) {","\t\tthis.__super(options);","","\t\toptions = utils.deepExtend({","\t\t\ttype: constants.ANCHOR_TYPE_WIDTH,","\t\t\tposition: constants.ANCHOR_POSITION_RELATIVE,","\t\t\tthreshold: {}","\t\t}, [options]);","","\t\tthis.setType(options.type);","\t\tthis.setPositioning(options.position);","\t\tthis.setThreshold(options.threshold);","\t},","","\t{","\t\t/**","\t\t * Gets the type of the anchor","\t\t *","\t\t * @method getType","\t\t * @return {string}","\t\t */","\t\tgetType: function () {","\t\t\treturn this._type;","\t\t},","","\t\t/**","\t\t * Sets the type of the anchor","\t\t *","\t\t * @method setType","\t\t * @param {string} value","\t\t */","\t\tsetType: function (value) {","\t\t\tthis._type = value;","\t\t},","","","\t\t/**","\t\t * Gets the positioning of the anchor","\t\t *","\t\t * @method getPositioning","\t\t * @return {string}","\t\t */","\t\tgetPositioning: function () {","\t\t\treturn this._position;","\t\t},","","\t\t/**","\t\t * Sets the positioning of the anchor","\t\t *","\t\t * @method setPositioning","\t\t * @param {string} value","\t\t */","\t\tsetPositioning: function (value) {","\t\t\tthis._position = value;","\t\t},","","","\t\t/**","\t\t * Gets the threshold","\t\t *","\t\t * @method getThreshold","\t\t * @return {Threshold}","\t\t */","\t\tgetThreshold: function () {","\t\t\treturn this._threshold;","\t\t},","","\t\t/**","\t\t * Sets the threshold","\t\t *","\t\t * @method setThreshold","\t\t * @param {object|Threshold} value","\t\t */","\t\tsetThreshold: function (value) {","\t\t\tthis._threshold = this._parseObject(value, Threshold, \"threshold\");","\t\t}","\t},","","\t{","\t\t/**","\t\t * @property TYPE","\t\t * @type {string}","\t\t * @static","\t\t */","\t\tTYPE: 'CONFIGURATION_ANCHOR'","\t}",");","","module.exports = Anchor;",""],"l":{"4":1,"5":1,"7":1,"9":1,"20":1,"32":0,"34":0,"40":0,"41":0,"42":0,"53":0,"63":0,"74":0,"84":0,"95":0,"105":0,"119":1}},"/home/travis/build/npmtest/node-npmtest-blink-diff/node_modules/blink-diff/lib/scripts/structure.js":{"path":"/home/travis/build/npmtest/node-npmtest-blink-diff/node_modules/blink-diff/lib/scripts/structure.js","s":{"1":1,"2":1,"3":0,"4":1,"5":0,"6":1,"7":0,"8":0,"9":0,"10":0,"11":0,"12":1,"13":0,"14":0,"15":0,"16":0,"17":0,"18":0,"19":0,"20":0,"21":0,"22":0,"23":0,"24":0,"25":0,"26":1,"27":0,"28":1,"29":0,"30":0,"31":0,"32":0,"33":0,"34":0,"35":0,"36":0,"37":0,"38":0,"39":0,"40":0,"41":0,"42":0,"43":0,"44":0,"45":0,"46":1,"47":0,"48":0,"49":0,"50":0,"51":0,"52":0,"53":0,"54":0,"55":0,"56":0},"b":{"1":[0,0],"2":[0,0],"3":[0,0,0],"4":[0,0,0],"5":[0,0],"6":[0,0],"7":[0,0],"8":[0,0],"9":[0,0],"10":[0,0],"11":[0,0],"12":[0,0],"13":[0,0],"14":[0,0],"15":[0,0]},"f":{"1":0,"2":0,"3":0,"4":0,"5":0,"6":0,"7":0,"8":0},"fnMap":{"1":{"name":"(anonymous_1)","line":1,"loc":{"start":{"line":1,"column":17},"end":{"line":1,"column":29}}},"2":{"name":"versionInfo","line":3,"loc":{"start":{"line":3,"column":1},"end":{"line":3,"column":25}}},"3":{"name":"deviceInfo","line":10,"loc":{"start":{"line":10,"column":1},"end":{"line":10,"column":24}}},"4":{"name":"documentInfo","line":42,"loc":{"start":{"line":42,"column":1},"end":{"line":42,"column":26}}},"5":{"name":"viewPortInfo","line":57,"loc":{"start":{"line":57,"column":1},"end":{"line":57,"column":26}}},"6":{"name":"domInfo","line":81,"loc":{"start":{"line":81,"column":1},"end":{"line":81,"column":21}}},"7":{"name":"loadDOMNode","line":85,"loc":{"start":{"line":85,"column":2},"end":{"line":85,"column":47}}},"8":{"name":"absoluteOffset","line":122,"loc":{"start":{"line":122,"column":2},"end":{"line":122,"column":36}}}},"statementMap":{"1":{"start":{"line":1,"column":0},"end":{"line":160,"column":2}},"2":{"start":{"line":3,"column":1},"end":{"line":8,"column":2}},"3":{"start":{"line":4,"column":2},"end":{"line":7,"column":4}},"4":{"start":{"line":10,"column":1},"end":{"line":40,"column":2}},"5":{"start":{"line":11,"column":2},"end":{"line":39,"column":3}},"6":{"start":{"line":42,"column":1},"end":{"line":55,"column":2}},"7":{"start":{"line":43,"column":2},"end":{"line":45,"column":15}},"8":{"start":{"line":47,"column":2},"end":{"line":47,"column":32}},"9":{"start":{"line":48,"column":2},"end":{"line":48,"column":36}},"10":{"start":{"line":49,"column":2},"end":{"line":49,"column":38}},"11":{"start":{"line":51,"column":2},"end":{"line":54,"column":3}},"12":{"start":{"line":57,"column":1},"end":{"line":79,"column":2}},"13":{"start":{"line":58,"column":2},"end":{"line":61,"column":15}},"14":{"start":{"line":64,"column":2},"end":{"line":64,"column":68}},"15":{"start":{"line":65,"column":2},"end":{"line":65,"column":66}},"16":{"start":{"line":68,"column":2},"end":{"line":68,"column":30}},"17":{"start":{"line":69,"column":2},"end":{"line":69,"column":19}},"18":{"start":{"line":70,"column":2},"end":{"line":70,"column":20}},"19":{"start":{"line":71,"column":2},"end":{"line":71,"column":22}},"20":{"start":{"line":72,"column":2},"end":{"line":72,"column":21}},"21":{"start":{"line":73,"column":2},"end":{"line":73,"column":37}},"22":{"start":{"line":74,"column":2},"end":{"line":74,"column":32}},"23":{"start":{"line":75,"column":2},"end":{"line":75,"column":34}},"24":{"start":{"line":76,"column":2},"end":{"line":76,"column":21}},"25":{"start":{"line":78,"column":2},"end":{"line":78,"column":16}},"26":{"start":{"line":81,"column":1},"end":{"line":142,"column":2}},"27":{"start":{"line":83,"column":2},"end":{"line":83,"column":226}},"28":{"start":{"line":85,"column":2},"end":{"line":120,"column":3}},"29":{"start":{"line":87,"column":3},"end":{"line":87,"column":38}},"30":{"start":{"line":89,"column":3},"end":{"line":110,"column":4}},"31":{"start":{"line":91,"column":4},"end":{"line":91,"column":17}},"32":{"start":{"line":92,"column":4},"end":{"line":92,"column":81}},"33":{"start":{"line":93,"column":4},"end":{"line":93,"column":40}},"34":{"start":{"line":94,"column":4},"end":{"line":94,"column":117}},"35":{"start":{"line":96,"column":4},"end":{"line":96,"column":39}},"36":{"start":{"line":97,"column":4},"end":{"line":102,"column":6}},"37":{"start":{"line":104,"column":4},"end":{"line":104,"column":23}},"38":{"start":{"line":106,"column":4},"end":{"line":109,"column":5}},"39":{"start":{"line":107,"column":5},"end":{"line":107,"column":36}},"40":{"start":{"line":108,"column":5},"end":{"line":108,"column":26}},"41":{"start":{"line":112,"column":3},"end":{"line":112,"column":30}},"42":{"start":{"line":113,"column":3},"end":{"line":113,"column":40}},"43":{"start":{"line":115,"column":3},"end":{"line":119,"column":4}},"44":{"start":{"line":116,"column":4},"end":{"line":118,"column":5}},"45":{"start":{"line":117,"column":5},"end":{"line":117,"column":39}},"46":{"start":{"line":122,"column":2},"end":{"line":135,"column":3}},"47":{"start":{"line":124,"column":3},"end":{"line":124,"column":20}},"48":{"start":{"line":126,"column":3},"end":{"line":130,"column":21}},"49":{"start":{"line":127,"column":4},"end":{"line":127,"column":33}},"50":{"start":{"line":128,"column":4},"end":{"line":128,"column":32}},"51":{"start":{"line":129,"column":4},"end":{"line":129,"column":35}},"52":{"start":{"line":132,"column":3},"end":{"line":134,"column":5}},"53":{"start":{"line":137,"column":2},"end":{"line":137,"column":24}},"54":{"start":{"line":139,"column":2},"end":{"line":139,"column":35}},"55":{"start":{"line":141,"column":2},"end":{"line":141,"column":23}},"56":{"start":{"line":144,"column":1},"end":{"line":159,"column":4}}},"branchMap":{"1":{"line":21,"type":"binary-expr","locations":[{"start":{"line":21,"column":14},"end":{"line":21,"column":40}},{"start":{"line":21,"column":44},"end":{"line":21,"column":71}}]},"2":{"line":33,"type":"binary-expr","locations":[{"start":{"line":33,"column":16},"end":{"line":33,"column":39}},{"start":{"line":33,"column":43},"end":{"line":33,"column":44}}]},"3":{"line":64,"type":"binary-expr","locations":[{"start":{"line":64,"column":13},"end":{"line":64,"column":31}},{"start":{"line":64,"column":35},"end":{"line":64,"column":50}},{"start":{"line":64,"column":54},"end":{"line":64,"column":67}}]},"4":{"line":65,"type":"binary-expr","locations":[{"start":{"line":65,"column":13},"end":{"line":65,"column":31}},{"start":{"line":65,"column":35},"end":{"line":65,"column":49}},{"start":{"line":65,"column":53},"end":{"line":65,"column":65}}]},"5":{"line":89,"type":"if","locations":[{"start":{"line":89,"column":3},"end":{"line":89,"column":3}},{"start":{"line":89,"column":3},"end":{"line":89,"column":3}}]},"6":{"line":92,"type":"cond-expr","locations":[{"start":{"line":92,"column":61},"end":{"line":92,"column":73}},{"start":{"line":92,"column":76},"end":{"line":92,"column":80}}]},"7":{"line":92,"type":"binary-expr","locations":[{"start":{"line":92,"column":18},"end":{"line":92,"column":30}},{"start":{"line":92,"column":34},"end":{"line":92,"column":57}}]},"8":{"line":94,"type":"cond-expr","locations":[{"start":{"line":94,"column":80},"end":{"line":94,"column":111}},{"start":{"line":94,"column":114},"end":{"line":94,"column":116}}]},"9":{"line":94,"type":"binary-expr","locations":[{"start":{"line":94,"column":23},"end":{"line":94,"column":42}},{"start":{"line":94,"column":46},"end":{"line":94,"column":76}}]},"10":{"line":106,"type":"if","locations":[{"start":{"line":106,"column":4},"end":{"line":106,"column":4}},{"start":{"line":106,"column":4},"end":{"line":106,"column":4}}]},"11":{"line":106,"type":"binary-expr","locations":[{"start":{"line":106,"column":9},"end":{"line":106,"column":31}},{"start":{"line":106,"column":37},"end":{"line":106,"column":60}}]},"12":{"line":115,"type":"if","locations":[{"start":{"line":115,"column":3},"end":{"line":115,"column":3}},{"start":{"line":115,"column":3},"end":{"line":115,"column":3}}]},"13":{"line":115,"type":"binary-expr","locations":[{"start":{"line":115,"column":7},"end":{"line":115,"column":12}},{"start":{"line":115,"column":16},"end":{"line":115,"column":22}}]},"14":{"line":127,"type":"binary-expr","locations":[{"start":{"line":127,"column":9},"end":{"line":127,"column":27}},{"start":{"line":127,"column":31},"end":{"line":127,"column":32}}]},"15":{"line":128,"type":"binary-expr","locations":[{"start":{"line":128,"column":9},"end":{"line":128,"column":26}},{"start":{"line":128,"column":30},"end":{"line":128,"column":31}}]}},"code":["module.exports = function () {","","\tfunction versionInfo () {","\t\treturn {","\t\t\tmajor: 1,","\t\t\tminor: 0","\t\t};","\t}","","\tfunction deviceInfo () {","\t\treturn {","\t\t\tuserAgent: window.navigator.userAgent,","","\t\t\tapp: {","\t\t\t\tcodeName: window.navigator.appCodeName,","\t\t\t\tname: window.navigator.appName,","\t\t\t\tversion: window.navigator.appVersion,","\t\t\t\tbuildId: window.navigator.buildID","\t\t\t},","","\t\t\tlanguages: window.navigator.languages || [window.navigator.language],","","\t\t\tproduct: {","\t\t\t\tname: window.navigator.product,","\t\t\t\tsub: window.navigator.productSub","\t\t\t},","\t\t\tvendor: {","\t\t\t\tname: window.navigator.vendor,","\t\t\t\tsub: window.navigator.vendorSub","\t\t\t},","","\t\t\tscreen: {","\t\t\t\tpixelRatio: window.devicePixelRatio || 1,","\t\t\t\tcolorDepth: window.screen.colorDepth,","\t\t\t\twidth: Math.min(window.screen.width, window.screen.availWidth),","\t\t\t\theight: Math.min(window.screen.height, window.screen.availHeight),","\t\t\t\tfullScreen: window.fullScreen","\t\t\t}","\t\t}","\t}","","\tfunction documentInfo () {","\t\tvar de = document.documentElement,","\t\t\tbody = document.body,","\t\t\tresult = {};","","\t\tresult.title = document.title;","\t\tresult.url = window.location + '';","\t\tresult.referrer = document.referrer;","","\t\tresult.size = {","\t\t\twidth: Math.max(body.scrollWidth, body.offsetWidth, de.clientWidth, de.scrollWidth, de.offsetWidth),","\t\t\theight: Math.max(body.scrollHeight, body.offsetHeight, de.clientHeight, de.scrollHeight, de.offsetHeight)","\t\t}","\t}","","\tfunction viewPortInfo () {","\t\tvar el = document.createElement('div'),","\t\t\tde = document.documentElement,","\t\t\tbody = document.body,","\t\t\tresult = {};","","\t\t// Get current scroll-position","\t\tresult.x = window.pageXOffset || body.scrollLeft || de.scrollLeft;","\t\tresult.y = window.pageYOffset || body.scrollTop || de.scrollTop;","","\t\t// Get current view-port size","\t\tel.style.position = \"fixed\";","\t\tel.style.top = 0;","\t\tel.style.left = 0;","\t\tel.style.bottom = 0;","\t\tel.style.right = 0;","\t\tde.insertBefore(el, de.firstChild);","\t\tresult.width = el.offsetWidth;","\t\tresult.height = el.offsetHeight;","\t\tde.removeChild(el);","","\t\treturn result;","\t}","","\tfunction domInfo () {","","\t\tvar capturedTags = [\"A\", \"SPAN\", \"OL\", \"UL\", \"LI\", \"HEADER\", \"FOOTER\", \"NAV\", \"ARTICLE\", \"SECTION\", \"ASIDE\", \"DIV\", \"APPLET\", \"CANVAS\", \"VIDEO\", \"TABLE\", \"DETAILS\", \"SUMMARY\", \"IFRAME\", \"MENU\", \"MAIN\", \"FIGURE\", \"FIELDSET\"];","","\t\tfunction loadDOMNode (inputNode, parentNode) {","","\t\t\tvar nodes, length, offset, newNode;","","\t\t\tif (capturedTags.indexOf(inputNode.tagName) !== -1) {","","\t\t\t\tnewNode = {};","\t\t\t\tnewNode.id = (inputNode.id && inputNode.id.length > 0) ? inputNode.id : null;","\t\t\t\tnewNode.tagName = inputNode.tagName;","\t\t\t\tnewNode.classes = (inputNode.className && inputNode.className.length > 0) ? inputNode.className.split(/\\s/) : [];","","\t\t\t\toffset = absoluteOffset(inputNode);","\t\t\t\tnewNode.rect = {","\t\t\t\t\tx: offset.x,","\t\t\t\t\ty: offset.y,","\t\t\t\t\twidth: inputNode.offsetWidth,","\t\t\t\t\theight: inputNode.offsetHeight","\t\t\t\t};","","\t\t\t\tnewNode.nodes = [];","","\t\t\t\tif ((newNode.rect.width > 0) && (newNode.rect.height > 0)) {","\t\t\t\t\tparentNode.nodes.push(newNode);","\t\t\t\t\tparentNode = newNode;","\t\t\t\t}","\t\t\t}","","\t\t\tnodes = inputNode.children;","\t\t\tlength = inputNode.childElementCount;","","\t\t\tif (nodes && length) {","\t\t\t\tfor (var i = 0; i < length; i++) {","\t\t\t\t\tloadDOMNode(nodes[i], parentNode);","\t\t\t\t}","\t\t\t}","\t\t}","","\t\tfunction absoluteOffset (element) {","","\t\t\tvar x = 0, y = 0;","","\t\t\tdo {","\t\t\t\tx += element.offsetLeft || 0;","\t\t\t\ty += element.offsetTop || 0;","\t\t\t\telement = element.offsetParent;","\t\t\t} while (element);","","\t\t\treturn {","\t\t\t\tx: x, y: y","\t\t\t};","\t\t}","","\t\tvar node = {nodes:[]};","","\t\tloadDOMNode(document.body, node);","","\t\treturn node.nodes[0];","\t}","","\treturn JSON.stringify({","\t\tversion: versionInfo(),","\t\tdevice: deviceInfo(),","\t\tdocument: documentInfo(),","\t\tviewPort: viewPortInfo(),","\t\tscreenshot: {","\t\t\tstitched: false,","\t\t\tsection: {","\t\t\t\tx: 0,","\t\t\t\ty: 0,","\t\t\t\twidth: null,","\t\t\t\theight: null","\t\t\t}","\t\t},","\t\tdom: domInfo()","\t});","};",""],"l":{"1":1,"3":1,"4":0,"10":1,"11":0,"42":1,"43":0,"47":0,"48":0,"49":0,"51":0,"57":1,"58":0,"64":0,"65":0,"68":0,"69":0,"70":0,"71":0,"72":0,"73":0,"74":0,"75":0,"76":0,"78":0,"81":1,"83":0,"85":1,"87":0,"89":0,"91":0,"92":0,"93":0,"94":0,"96":0,"97":0,"104":0,"106":0,"107":0,"108":0,"112":0,"113":0,"115":0,"116":0,"117":0,"122":1,"124":0,"126":0,"127":0,"128":0,"129":0,"132":0,"137":0,"139":0,"141":0,"144":0}}}